{"D:\\La_Fosse\\Nerdwork\\client\\src\\components\\index.jsx": {"path":"D:\\La_Fosse\\Nerdwork\\client\\src\\components\\index.jsx","all":false,"statementMap":{"0":{"start":{"line":1,"column":0},"end":{"line":1,"column":56}},"1":{"start":{"line":2,"column":0},"end":{"line":2,"column":65}},"2":{"start":{"line":3,"column":0},"end":{"line":3,"column":63}},"3":{"start":{"line":4,"column":0},"end":{"line":4,"column":63}},"4":{"start":{"line":5,"column":0},"end":{"line":5,"column":50}},"5":{"start":{"line":6,"column":0},"end":{"line":6,"column":48}},"6":{"start":{"line":7,"column":0},"end":{"line":7,"column":58}},"7":{"start":{"line":8,"column":0},"end":{"line":8,"column":56}},"8":{"start":{"line":9,"column":0},"end":{"line":9,"column":50}},"9":{"start":{"line":10,"column":0},"end":{"line":10,"column":52}},"10":{"start":{"line":11,"column":0},"end":{"line":11,"column":62}},"11":{"start":{"line":12,"column":0},"end":{"line":12,"column":52}},"12":{"start":{"line":13,"column":0},"end":{"line":13,"column":53}},"13":{"start":{"line":14,"column":0},"end":{"line":14,"column":44}},"14":{"start":{"line":15,"column":0},"end":{"line":15,"column":42}},"15":{"start":{"line":16,"column":0},"end":{"line":16,"column":54}},"16":{"start":{"line":17,"column":0},"end":{"line":17,"column":57}}},"s":{"0":1,"1":1,"2":1,"3":1,"4":1,"5":1,"6":1,"7":1,"8":1,"9":1,"10":1,"11":1,"12":1,"13":1,"14":1,"15":1,"16":1},"branchMap":{},"b":{},"fnMap":{},"f":{}}
,"D:\\La_Fosse\\Nerdwork\\client\\src\\components\\BookCard\\index.jsx": {"path":"D:\\La_Fosse\\Nerdwork\\client\\src\\components\\BookCard\\index.jsx","all":false,"statementMap":{"0":{"start":{"line":1,"column":0},"end":{"line":1,"column":26}},"1":{"start":{"line":2,"column":0},"end":{"line":2,"column":46}},"2":{"start":{"line":3,"column":0},"end":{"line":3,"column":0}},"3":{"start":{"line":4,"column":0},"end":{"line":4,"column":43}},"4":{"start":{"line":5,"column":0},"end":{"line":5,"column":0}},"5":{"start":{"line":6,"column":0},"end":{"line":6,"column":44}},"6":{"start":{"line":7,"column":0},"end":{"line":7,"column":0}},"7":{"start":{"line":8,"column":0},"end":{"line":8,"column":61}},"8":{"start":{"line":9,"column":0},"end":{"line":9,"column":38}},"9":{"start":{"line":10,"column":0},"end":{"line":10,"column":57}},"10":{"start":{"line":11,"column":0},"end":{"line":11,"column":97}},"11":{"start":{"line":12,"column":0},"end":{"line":12,"column":7}},"12":{"start":{"line":13,"column":0},"end":{"line":13,"column":11}},"13":{"start":{"line":14,"column":0},"end":{"line":14,"column":5}},"14":{"start":{"line":15,"column":0},"end":{"line":15,"column":0}},"15":{"start":{"line":16,"column":0},"end":{"line":16,"column":45}},"16":{"start":{"line":17,"column":0},"end":{"line":17,"column":86}},"17":{"start":{"line":18,"column":0},"end":{"line":18,"column":77}},"18":{"start":{"line":19,"column":0},"end":{"line":19,"column":13}},"19":{"start":{"line":20,"column":0},"end":{"line":20,"column":12}},"20":{"start":{"line":21,"column":0},"end":{"line":21,"column":12}},"21":{"start":{"line":22,"column":0},"end":{"line":22,"column":27}},"22":{"start":{"line":23,"column":0},"end":{"line":23,"column":51}},"23":{"start":{"line":24,"column":0},"end":{"line":24,"column":3}},"24":{"start":{"line":25,"column":0},"end":{"line":25,"column":10}},"25":{"start":{"line":26,"column":0},"end":{"line":26,"column":185}},"26":{"start":{"line":27,"column":0},"end":{"line":27,"column":0}},"27":{"start":{"line":28,"column":0},"end":{"line":28,"column":4}},"28":{"start":{"line":29,"column":0},"end":{"line":29,"column":93}},"29":{"start":{"line":30,"column":0},"end":{"line":30,"column":48}},"30":{"start":{"line":31,"column":0},"end":{"line":31,"column":74}},"31":{"start":{"line":32,"column":0},"end":{"line":32,"column":66}},"32":{"start":{"line":33,"column":0},"end":{"line":33,"column":0}},"33":{"start":{"line":34,"column":0},"end":{"line":34,"column":44}},"34":{"start":{"line":35,"column":0},"end":{"line":35,"column":0}},"35":{"start":{"line":36,"column":0},"end":{"line":36,"column":33}},"36":{"start":{"line":37,"column":0},"end":{"line":37,"column":64}},"37":{"start":{"line":38,"column":0},"end":{"line":38,"column":28}},"38":{"start":{"line":39,"column":0},"end":{"line":39,"column":14}},"39":{"start":{"line":40,"column":0},"end":{"line":40,"column":18}},"40":{"start":{"line":41,"column":0},"end":{"line":41,"column":11}},"41":{"start":{"line":42,"column":0},"end":{"line":42,"column":4}},"42":{"start":{"line":43,"column":0},"end":{"line":43,"column":2}},"43":{"start":{"line":44,"column":0},"end":{"line":44,"column":0}},"44":{"start":{"line":45,"column":0},"end":{"line":45,"column":24}}},"s":{"0":1,"1":1,"2":1,"3":1,"4":1,"5":1,"6":9,"7":9,"8":9,"9":9,"10":45,"11":45,"12":45,"13":9,"14":9,"15":9,"16":9,"17":12,"18":12,"19":12,"20":9,"21":9,"22":0,"23":0,"24":9,"25":9,"26":9,"27":9,"28":9,"29":9,"30":9,"31":9,"32":9,"33":9,"34":9,"35":9,"36":9,"37":9,"38":9,"39":9,"40":9,"41":9,"42":9,"43":1,"44":1},"branchMap":{"0":{"type":"branch","line":6,"loc":{"start":{"line":6,"column":17},"end":{"line":43,"column":2}},"locations":[{"start":{"line":6,"column":17},"end":{"line":43,"column":2}}]},"1":{"type":"branch","line":17,"loc":{"start":{"line":17,"column":22},"end":{"line":17,"column":56}},"locations":[{"start":{"line":17,"column":22},"end":{"line":17,"column":56}}]},"2":{"type":"branch","line":17,"loc":{"start":{"line":17,"column":52},"end":{"line":21,"column":7}},"locations":[{"start":{"line":17,"column":52},"end":{"line":21,"column":7}}]},"3":{"type":"branch","line":21,"loc":{"start":{"line":21,"column":3},"end":{"line":21,"column":12}},"locations":[{"start":{"line":21,"column":3},"end":{"line":21,"column":12}}]},"4":{"type":"branch","line":26,"loc":{"start":{"line":26,"column":62},"end":{"line":26,"column":93}},"locations":[{"start":{"line":26,"column":62},"end":{"line":26,"column":93}}]},"5":{"type":"branch","line":10,"loc":{"start":{"line":10,"column":42},"end":{"line":13,"column":11}},"locations":[{"start":{"line":10,"column":42},"end":{"line":13,"column":11}}]},"6":{"type":"branch","line":11,"loc":{"start":{"line":11,"column":58},"end":{"line":11,"column":79}},"locations":[{"start":{"line":11,"column":58},"end":{"line":11,"column":79}}]},"7":{"type":"branch","line":11,"loc":{"start":{"line":11,"column":62},"end":{"line":11,"column":97}},"locations":[{"start":{"line":11,"column":62},"end":{"line":11,"column":97}}]},"8":{"type":"branch","line":17,"loc":{"start":{"line":17,"column":67},"end":{"line":20,"column":12}},"locations":[{"start":{"line":17,"column":67},"end":{"line":20,"column":12}}]}},"b":{"0":[9],"1":[6],"2":[6],"3":[3],"4":[0],"5":[45],"6":[30],"7":[15],"8":[12]},"fnMap":{"0":{"name":"BookCard","decl":{"start":{"line":6,"column":17},"end":{"line":43,"column":2}},"loc":{"start":{"line":6,"column":17},"end":{"line":43,"column":2}},"line":6},"1":{"name":"displayUser","decl":{"start":{"line":22,"column":2},"end":{"line":24,"column":3}},"loc":{"start":{"line":22,"column":2},"end":{"line":24,"column":3}},"line":22}},"f":{"0":9,"1":0}}
,"D:\\La_Fosse\\Nerdwork\\client\\src\\components\\BookSearchCard\\index.jsx": {"path":"D:\\La_Fosse\\Nerdwork\\client\\src\\components\\BookSearchCard\\index.jsx","all":false,"statementMap":{"0":{"start":{"line":1,"column":0},"end":{"line":1,"column":26}},"1":{"start":{"line":2,"column":0},"end":{"line":2,"column":23}},"2":{"start":{"line":3,"column":0},"end":{"line":3,"column":47}},"3":{"start":{"line":4,"column":0},"end":{"line":4,"column":28}},"4":{"start":{"line":5,"column":0},"end":{"line":5,"column":31}},"5":{"start":{"line":6,"column":0},"end":{"line":6,"column":0}},"6":{"start":{"line":7,"column":0},"end":{"line":7,"column":50}},"7":{"start":{"line":8,"column":0},"end":{"line":8,"column":55}},"8":{"start":{"line":9,"column":0},"end":{"line":9,"column":35}},"9":{"start":{"line":10,"column":0},"end":{"line":10,"column":29}},"10":{"start":{"line":11,"column":0},"end":{"line":11,"column":36}},"11":{"start":{"line":12,"column":0},"end":{"line":12,"column":5}},"12":{"start":{"line":13,"column":0},"end":{"line":13,"column":30}},"13":{"start":{"line":14,"column":0},"end":{"line":14,"column":12}},"14":{"start":{"line":15,"column":0},"end":{"line":15,"column":77}},"15":{"start":{"line":16,"column":0},"end":{"line":16,"column":39}},"16":{"start":{"line":17,"column":0},"end":{"line":17,"column":41}},"17":{"start":{"line":18,"column":0},"end":{"line":18,"column":16}},"18":{"start":{"line":19,"column":0},"end":{"line":19,"column":32}},"19":{"start":{"line":20,"column":0},"end":{"line":20,"column":36}},"20":{"start":{"line":21,"column":0},"end":{"line":21,"column":56}},"21":{"start":{"line":22,"column":0},"end":{"line":22,"column":18}},"22":{"start":{"line":23,"column":0},"end":{"line":23,"column":37}},"23":{"start":{"line":24,"column":0},"end":{"line":24,"column":30}},"24":{"start":{"line":25,"column":0},"end":{"line":25,"column":18}},"25":{"start":{"line":26,"column":0},"end":{"line":26,"column":40}},"26":{"start":{"line":27,"column":0},"end":{"line":27,"column":44}},"27":{"start":{"line":28,"column":0},"end":{"line":28,"column":66}},"28":{"start":{"line":29,"column":0},"end":{"line":29,"column":17}},"29":{"start":{"line":30,"column":0},"end":{"line":30,"column":22}},"30":{"start":{"line":31,"column":0},"end":{"line":31,"column":36}},"31":{"start":{"line":32,"column":0},"end":{"line":32,"column":39}},"32":{"start":{"line":33,"column":0},"end":{"line":33,"column":18}},"33":{"start":{"line":34,"column":0},"end":{"line":34,"column":16}},"34":{"start":{"line":35,"column":0},"end":{"line":35,"column":12}},"35":{"start":{"line":36,"column":0},"end":{"line":36,"column":14}},"36":{"start":{"line":37,"column":0},"end":{"line":37,"column":6}},"37":{"start":{"line":38,"column":0},"end":{"line":38,"column":2}}},"s":{"0":1,"1":1,"2":1,"3":1,"4":1,"5":1,"6":1,"7":1,"8":1,"9":1,"10":0,"11":0,"12":1,"13":1,"14":1,"15":1,"16":1,"17":1,"18":1,"19":1,"20":1,"21":1,"22":1,"23":1,"24":1,"25":1,"26":1,"27":1,"28":1,"29":1,"30":1,"31":1,"32":1,"33":1,"34":1,"35":1,"36":1,"37":1},"branchMap":{"0":{"type":"branch","line":7,"loc":{"start":{"line":7,"column":0},"end":{"line":38,"column":1}},"locations":[{"start":{"line":7,"column":0},"end":{"line":38,"column":1}}]}},"b":{"0":[1]},"fnMap":{"0":{"name":"BookSearchCard","decl":{"start":{"line":7,"column":0},"end":{"line":38,"column":1}},"loc":{"start":{"line":7,"column":0},"end":{"line":38,"column":1}},"line":7},"1":{"name":"displayUser","decl":{"start":{"line":10,"column":4},"end":{"line":12,"column":5}},"loc":{"start":{"line":10,"column":4},"end":{"line":12,"column":5}},"line":10},"2":{"name":"onClick","decl":{"start":{"line":15,"column":44},"end":{"line":15,"column":77}},"loc":{"start":{"line":15,"column":44},"end":{"line":15,"column":77}},"line":15}},"f":{"0":1,"1":0,"2":0}}
,"D:\\La_Fosse\\Nerdwork\\client\\src\\components\\BookSearchWidget\\index.jsx": {"path":"D:\\La_Fosse\\Nerdwork\\client\\src\\components\\BookSearchWidget\\index.jsx","all":false,"statementMap":{"0":{"start":{"line":1,"column":0},"end":{"line":1,"column":51}},"1":{"start":{"line":2,"column":0},"end":{"line":2,"column":39}},"2":{"start":{"line":3,"column":0},"end":{"line":3,"column":31}},"3":{"start":{"line":4,"column":0},"end":{"line":4,"column":47}},"4":{"start":{"line":5,"column":0},"end":{"line":5,"column":47}},"5":{"start":{"line":6,"column":0},"end":{"line":6,"column":0}},"6":{"start":{"line":7,"column":0},"end":{"line":7,"column":45}},"7":{"start":{"line":8,"column":0},"end":{"line":8,"column":57}},"8":{"start":{"line":9,"column":0},"end":{"line":9,"column":43}},"9":{"start":{"line":10,"column":0},"end":{"line":10,"column":34}},"10":{"start":{"line":11,"column":0},"end":{"line":11,"column":0}},"11":{"start":{"line":12,"column":0},"end":{"line":12,"column":21}},"12":{"start":{"line":13,"column":0},"end":{"line":13,"column":21}},"13":{"start":{"line":14,"column":0},"end":{"line":14,"column":11}},"14":{"start":{"line":15,"column":0},"end":{"line":15,"column":3}},"15":{"start":{"line":16,"column":0},"end":{"line":16,"column":0}},"16":{"start":{"line":17,"column":0},"end":{"line":17,"column":36}},"17":{"start":{"line":18,"column":0},"end":{"line":18,"column":13}},"18":{"start":{"line":19,"column":0},"end":{"line":19,"column":92}},"19":{"start":{"line":20,"column":0},"end":{"line":20,"column":47}},"20":{"start":{"line":21,"column":0},"end":{"line":21,"column":29}},"21":{"start":{"line":22,"column":0},"end":{"line":22,"column":35}},"22":{"start":{"line":23,"column":0},"end":{"line":23,"column":27}},"23":{"start":{"line":24,"column":0},"end":{"line":24,"column":42}},"24":{"start":{"line":25,"column":0},"end":{"line":25,"column":25}},"25":{"start":{"line":26,"column":0},"end":{"line":26,"column":58}},"26":{"start":{"line":27,"column":0},"end":{"line":27,"column":9}},"27":{"start":{"line":28,"column":0},"end":{"line":28,"column":6}},"28":{"start":{"line":29,"column":0},"end":{"line":29,"column":42}},"29":{"start":{"line":30,"column":0},"end":{"line":30,"column":39}},"30":{"start":{"line":31,"column":0},"end":{"line":31,"column":32}},"31":{"start":{"line":32,"column":0},"end":{"line":32,"column":6}},"32":{"start":{"line":33,"column":0},"end":{"line":33,"column":30}},"33":{"start":{"line":34,"column":0},"end":{"line":34,"column":46}},"34":{"start":{"line":35,"column":0},"end":{"line":35,"column":41}},"35":{"start":{"line":36,"column":0},"end":{"line":36,"column":36}},"36":{"start":{"line":37,"column":0},"end":{"line":37,"column":11}},"37":{"start":{"line":38,"column":0},"end":{"line":38,"column":11}},"38":{"start":{"line":39,"column":0},"end":{"line":39,"column":33}},"39":{"start":{"line":40,"column":0},"end":{"line":40,"column":28}},"40":{"start":{"line":41,"column":0},"end":{"line":41,"column":5}},"41":{"start":{"line":42,"column":0},"end":{"line":42,"column":6}},"42":{"start":{"line":43,"column":0},"end":{"line":43,"column":6}},"43":{"start":{"line":44,"column":0},"end":{"line":44,"column":52}},"44":{"start":{"line":45,"column":0},"end":{"line":45,"column":37}},"45":{"start":{"line":46,"column":0},"end":{"line":46,"column":58}},"46":{"start":{"line":47,"column":0},"end":{"line":47,"column":5}},"47":{"start":{"line":48,"column":0},"end":{"line":48,"column":0}},"48":{"start":{"line":49,"column":0},"end":{"line":49,"column":29}},"49":{"start":{"line":50,"column":0},"end":{"line":50,"column":25}},"50":{"start":{"line":51,"column":0},"end":{"line":51,"column":122}},"51":{"start":{"line":52,"column":0},"end":{"line":52,"column":31}},"52":{"start":{"line":53,"column":0},"end":{"line":53,"column":88}},"53":{"start":{"line":54,"column":0},"end":{"line":54,"column":46}},"54":{"start":{"line":55,"column":0},"end":{"line":55,"column":22}},"55":{"start":{"line":56,"column":0},"end":{"line":56,"column":14}},"56":{"start":{"line":57,"column":0},"end":{"line":57,"column":5}},"57":{"start":{"line":58,"column":0},"end":{"line":58,"column":34}},"58":{"start":{"line":59,"column":0},"end":{"line":59,"column":59}},"59":{"start":{"line":60,"column":0},"end":{"line":60,"column":47}},"60":{"start":{"line":61,"column":0},"end":{"line":61,"column":65}},"61":{"start":{"line":62,"column":0},"end":{"line":62,"column":5}},"62":{"start":{"line":63,"column":0},"end":{"line":63,"column":11}},"63":{"start":{"line":64,"column":0},"end":{"line":64,"column":13}},"64":{"start":{"line":65,"column":0},"end":{"line":65,"column":87}},"65":{"start":{"line":66,"column":0},"end":{"line":66,"column":46}},"66":{"start":{"line":67,"column":0},"end":{"line":67,"column":32}},"67":{"start":{"line":68,"column":0},"end":{"line":68,"column":19}},"68":{"start":{"line":69,"column":0},"end":{"line":69,"column":14}},"69":{"start":{"line":70,"column":0},"end":{"line":70,"column":5}},"70":{"start":{"line":71,"column":0},"end":{"line":71,"column":1}}},"s":{"0":1,"1":1,"2":1,"3":1,"4":1,"5":1,"6":2,"7":2,"8":2,"9":2,"10":2,"11":2,"12":2,"13":2,"14":2,"15":2,"16":2,"17":2,"18":2,"19":0,"20":0,"21":0,"22":0,"23":0,"24":0,"25":0,"26":0,"27":2,"28":2,"29":2,"30":2,"31":2,"32":2,"33":0,"34":0,"35":0,"36":0,"37":2,"38":2,"39":2,"40":2,"41":2,"42":2,"43":2,"44":2,"45":0,"46":0,"47":2,"48":2,"49":2,"50":2,"51":2,"52":0,"53":0,"54":0,"55":2,"56":2,"57":2,"58":0,"59":0,"60":0,"61":0,"62":2,"63":2,"64":2,"65":2,"66":2,"67":2,"68":2,"69":2,"70":2},"branchMap":{"0":{"type":"branch","line":7,"loc":{"start":{"line":7,"column":0},"end":{"line":71,"column":1}},"locations":[{"start":{"line":7,"column":0},"end":{"line":71,"column":1}}]},"1":{"type":"branch","line":12,"loc":{"start":{"line":12,"column":14},"end":{"line":14,"column":7}},"locations":[{"start":{"line":12,"column":14},"end":{"line":14,"column":7}}]},"2":{"type":"branch","line":17,"loc":{"start":{"line":17,"column":23},"end":{"line":28,"column":6}},"locations":[{"start":{"line":17,"column":23},"end":{"line":28,"column":6}}]},"3":{"type":"branch","line":19,"loc":{"start":{"line":19,"column":89},"end":{"line":27,"column":9}},"locations":[{"start":{"line":19,"column":89},"end":{"line":27,"column":9}}]},"4":{"type":"branch","line":29,"loc":{"start":{"line":29,"column":4},"end":{"line":41,"column":5}},"locations":[{"start":{"line":29,"column":4},"end":{"line":41,"column":5}}]},"5":{"type":"branch","line":49,"loc":{"start":{"line":49,"column":4},"end":{"line":57,"column":5}},"locations":[{"start":{"line":49,"column":4},"end":{"line":57,"column":5}}]}},"b":{"0":[2],"1":[2],"2":[2],"3":[0],"4":[2],"5":[2]},"fnMap":{"0":{"name":"BookSearchWidget","decl":{"start":{"line":7,"column":0},"end":{"line":71,"column":1}},"loc":{"start":{"line":7,"column":0},"end":{"line":71,"column":1}},"line":7},"1":{"name":"fetchBooks","decl":{"start":{"line":17,"column":23},"end":{"line":28,"column":6}},"loc":{"start":{"line":17,"column":23},"end":{"line":28,"column":6}},"line":17},"2":{"name":"removeDuplicateTitles","decl":{"start":{"line":29,"column":4},"end":{"line":41,"column":5}},"loc":{"start":{"line":29,"column":4},"end":{"line":41,"column":5}},"line":29},"3":{"name":"getBooksByTitle","decl":{"start":{"line":45,"column":4},"end":{"line":47,"column":5}},"loc":{"start":{"line":45,"column":4},"end":{"line":47,"column":5}},"line":45},"4":{"name":"displayBooks","decl":{"start":{"line":49,"column":4},"end":{"line":57,"column":5}},"loc":{"start":{"line":49,"column":4},"end":{"line":57,"column":5}},"line":49},"5":{"name":"displayUser","decl":{"start":{"line":58,"column":4},"end":{"line":62,"column":5}},"loc":{"start":{"line":58,"column":4},"end":{"line":62,"column":5}},"line":58}},"f":{"0":2,"1":2,"2":2,"3":0,"4":2,"5":0}}
,"D:\\La_Fosse\\Nerdwork\\client\\src\\components\\Bookshelf\\index.jsx": {"path":"D:\\La_Fosse\\Nerdwork\\client\\src\\components\\Bookshelf\\index.jsx","all":false,"statementMap":{"0":{"start":{"line":1,"column":0},"end":{"line":1,"column":26}},"1":{"start":{"line":2,"column":0},"end":{"line":2,"column":49}},"2":{"start":{"line":3,"column":0},"end":{"line":3,"column":54}},"3":{"start":{"line":4,"column":0},"end":{"line":4,"column":0}},"4":{"start":{"line":5,"column":0},"end":{"line":5,"column":34}},"5":{"start":{"line":6,"column":0},"end":{"line":6,"column":10}},"6":{"start":{"line":7,"column":0},"end":{"line":7,"column":15}},"7":{"start":{"line":8,"column":0},"end":{"line":8,"column":46}},"8":{"start":{"line":9,"column":0},"end":{"line":9,"column":64}},"9":{"start":{"line":10,"column":0},"end":{"line":10,"column":75}},"10":{"start":{"line":11,"column":0},"end":{"line":11,"column":36}},"11":{"start":{"line":12,"column":0},"end":{"line":12,"column":16}},"12":{"start":{"line":13,"column":0},"end":{"line":13,"column":11}},"13":{"start":{"line":14,"column":0},"end":{"line":14,"column":12}},"14":{"start":{"line":15,"column":0},"end":{"line":15,"column":16}},"15":{"start":{"line":16,"column":0},"end":{"line":16,"column":4}},"16":{"start":{"line":17,"column":0},"end":{"line":17,"column":2}},"17":{"start":{"line":18,"column":0},"end":{"line":18,"column":0}},"18":{"start":{"line":19,"column":0},"end":{"line":19,"column":25}}},"s":{"0":1,"1":1,"2":1,"3":1,"4":1,"5":4,"6":4,"7":4,"8":4,"9":3,"10":3,"11":3,"12":4,"13":4,"14":4,"15":4,"16":4,"17":1,"18":1},"branchMap":{"0":{"type":"branch","line":5,"loc":{"start":{"line":5,"column":18},"end":{"line":17,"column":2}},"locations":[{"start":{"line":5,"column":18},"end":{"line":17,"column":2}}]},"1":{"type":"branch","line":9,"loc":{"start":{"line":9,"column":19},"end":{"line":12,"column":16}},"locations":[{"start":{"line":9,"column":19},"end":{"line":12,"column":16}}]}},"b":{"0":[4],"1":[3]},"fnMap":{"0":{"name":"Bookshelf","decl":{"start":{"line":5,"column":18},"end":{"line":17,"column":2}},"loc":{"start":{"line":5,"column":18},"end":{"line":17,"column":2}},"line":5}},"f":{"0":4}}
,"D:\\La_Fosse\\Nerdwork\\client\\src\\components\\ComicSearchWidget\\index.jsx": {"path":"D:\\La_Fosse\\Nerdwork\\client\\src\\components\\ComicSearchWidget\\index.jsx","all":false,"statementMap":{"0":{"start":{"line":1,"column":0},"end":{"line":1,"column":51}},"1":{"start":{"line":2,"column":0},"end":{"line":2,"column":39}},"2":{"start":{"line":3,"column":0},"end":{"line":3,"column":47}},"3":{"start":{"line":4,"column":0},"end":{"line":4,"column":47}},"4":{"start":{"line":5,"column":0},"end":{"line":5,"column":49}},"5":{"start":{"line":6,"column":0},"end":{"line":6,"column":1}},"6":{"start":{"line":7,"column":0},"end":{"line":7,"column":0}},"7":{"start":{"line":8,"column":0},"end":{"line":8,"column":46}},"8":{"start":{"line":9,"column":0},"end":{"line":9,"column":57}},"9":{"start":{"line":10,"column":0},"end":{"line":10,"column":45}},"10":{"start":{"line":11,"column":0},"end":{"line":11,"column":34}},"11":{"start":{"line":12,"column":0},"end":{"line":12,"column":0}},"12":{"start":{"line":13,"column":0},"end":{"line":13,"column":21}},"13":{"start":{"line":14,"column":0},"end":{"line":14,"column":22}},"14":{"start":{"line":15,"column":0},"end":{"line":15,"column":11}},"15":{"start":{"line":16,"column":0},"end":{"line":16,"column":0}},"16":{"start":{"line":17,"column":0},"end":{"line":17,"column":37}},"17":{"start":{"line":18,"column":0},"end":{"line":18,"column":13}},"18":{"start":{"line":19,"column":0},"end":{"line":19,"column":100}},"19":{"start":{"line":20,"column":0},"end":{"line":20,"column":47}},"20":{"start":{"line":21,"column":0},"end":{"line":21,"column":29}},"21":{"start":{"line":22,"column":0},"end":{"line":22,"column":37}},"22":{"start":{"line":23,"column":0},"end":{"line":23,"column":30}},"23":{"start":{"line":24,"column":0},"end":{"line":24,"column":25}},"24":{"start":{"line":25,"column":0},"end":{"line":25,"column":29}},"25":{"start":{"line":26,"column":0},"end":{"line":26,"column":58}},"26":{"start":{"line":27,"column":0},"end":{"line":27,"column":9}},"27":{"start":{"line":28,"column":0},"end":{"line":28,"column":6}},"28":{"start":{"line":29,"column":0},"end":{"line":29,"column":0}},"29":{"start":{"line":30,"column":0},"end":{"line":30,"column":42}},"30":{"start":{"line":31,"column":0},"end":{"line":31,"column":39}},"31":{"start":{"line":32,"column":0},"end":{"line":32,"column":32}},"32":{"start":{"line":33,"column":0},"end":{"line":33,"column":4}},"33":{"start":{"line":34,"column":0},"end":{"line":34,"column":30}},"34":{"start":{"line":35,"column":0},"end":{"line":35,"column":46}},"35":{"start":{"line":36,"column":0},"end":{"line":36,"column":41}},"36":{"start":{"line":37,"column":0},"end":{"line":37,"column":36}},"37":{"start":{"line":38,"column":0},"end":{"line":38,"column":11}},"38":{"start":{"line":39,"column":0},"end":{"line":39,"column":11}},"39":{"start":{"line":40,"column":0},"end":{"line":40,"column":33}},"40":{"start":{"line":41,"column":0},"end":{"line":41,"column":28}},"41":{"start":{"line":42,"column":0},"end":{"line":42,"column":5}},"42":{"start":{"line":43,"column":0},"end":{"line":43,"column":53}},"43":{"start":{"line":44,"column":0},"end":{"line":44,"column":37}},"44":{"start":{"line":45,"column":0},"end":{"line":45,"column":61}},"45":{"start":{"line":46,"column":0},"end":{"line":46,"column":7}},"46":{"start":{"line":47,"column":0},"end":{"line":47,"column":27}},"47":{"start":{"line":48,"column":0},"end":{"line":48,"column":30}},"48":{"start":{"line":49,"column":0},"end":{"line":49,"column":25}},"49":{"start":{"line":50,"column":0},"end":{"line":50,"column":25}},"50":{"start":{"line":51,"column":0},"end":{"line":51,"column":120}},"51":{"start":{"line":52,"column":0},"end":{"line":52,"column":28}},"52":{"start":{"line":53,"column":0},"end":{"line":53,"column":87}},"53":{"start":{"line":54,"column":0},"end":{"line":54,"column":43}},"54":{"start":{"line":55,"column":0},"end":{"line":55,"column":18}},"55":{"start":{"line":56,"column":0},"end":{"line":56,"column":10}},"56":{"start":{"line":57,"column":0},"end":{"line":57,"column":5}},"57":{"start":{"line":58,"column":0},"end":{"line":58,"column":35}},"58":{"start":{"line":59,"column":0},"end":{"line":59,"column":57}},"59":{"start":{"line":60,"column":0},"end":{"line":60,"column":48}},"60":{"start":{"line":61,"column":0},"end":{"line":61,"column":65}},"61":{"start":{"line":62,"column":0},"end":{"line":62,"column":5}},"62":{"start":{"line":63,"column":0},"end":{"line":63,"column":6}},"63":{"start":{"line":64,"column":0},"end":{"line":64,"column":4}},"64":{"start":{"line":65,"column":0},"end":{"line":65,"column":11}},"65":{"start":{"line":66,"column":0},"end":{"line":66,"column":13}},"66":{"start":{"line":67,"column":0},"end":{"line":67,"column":83}},"67":{"start":{"line":68,"column":0},"end":{"line":68,"column":42}},"68":{"start":{"line":69,"column":0},"end":{"line":69,"column":29}},"69":{"start":{"line":70,"column":0},"end":{"line":70,"column":15}},"70":{"start":{"line":71,"column":0},"end":{"line":71,"column":10}},"71":{"start":{"line":72,"column":0},"end":{"line":72,"column":5}},"72":{"start":{"line":73,"column":0},"end":{"line":73,"column":1}}},"s":{"0":1,"1":1,"2":1,"3":1,"4":1,"5":1,"6":1,"7":2,"8":2,"9":2,"10":2,"11":2,"12":2,"13":2,"14":2,"15":2,"16":2,"17":2,"18":2,"19":0,"20":0,"21":0,"22":0,"23":0,"24":0,"25":0,"26":0,"27":2,"28":2,"29":2,"30":2,"31":2,"32":2,"33":2,"34":0,"35":0,"36":0,"37":0,"38":2,"39":2,"40":2,"41":2,"42":2,"43":2,"44":0,"45":0,"46":2,"47":2,"48":2,"49":2,"50":2,"51":2,"52":0,"53":0,"54":0,"55":2,"56":2,"57":2,"58":0,"59":0,"60":0,"61":0,"62":2,"63":2,"64":2,"65":2,"66":2,"67":2,"68":2,"69":2,"70":2,"71":2,"72":2},"branchMap":{"0":{"type":"branch","line":8,"loc":{"start":{"line":8,"column":0},"end":{"line":73,"column":1}},"locations":[{"start":{"line":8,"column":0},"end":{"line":73,"column":1}}]},"1":{"type":"branch","line":13,"loc":{"start":{"line":13,"column":14},"end":{"line":15,"column":7}},"locations":[{"start":{"line":13,"column":14},"end":{"line":15,"column":7}}]},"2":{"type":"branch","line":17,"loc":{"start":{"line":17,"column":24},"end":{"line":28,"column":6}},"locations":[{"start":{"line":17,"column":24},"end":{"line":28,"column":6}}]},"3":{"type":"branch","line":19,"loc":{"start":{"line":19,"column":97},"end":{"line":27,"column":9}},"locations":[{"start":{"line":19,"column":97},"end":{"line":27,"column":9}}]},"4":{"type":"branch","line":30,"loc":{"start":{"line":30,"column":4},"end":{"line":42,"column":5}},"locations":[{"start":{"line":30,"column":4},"end":{"line":42,"column":5}}]},"5":{"type":"branch","line":48,"loc":{"start":{"line":48,"column":4},"end":{"line":57,"column":5}},"locations":[{"start":{"line":48,"column":4},"end":{"line":57,"column":5}}]}},"b":{"0":[2],"1":[2],"2":[2],"3":[0],"4":[2],"5":[2]},"fnMap":{"0":{"name":"ComicSearchWidget","decl":{"start":{"line":8,"column":0},"end":{"line":73,"column":1}},"loc":{"start":{"line":8,"column":0},"end":{"line":73,"column":1}},"line":8},"1":{"name":"fetchComics","decl":{"start":{"line":17,"column":24},"end":{"line":28,"column":6}},"loc":{"start":{"line":17,"column":24},"end":{"line":28,"column":6}},"line":17},"2":{"name":"removeDuplicateTitles","decl":{"start":{"line":30,"column":4},"end":{"line":42,"column":5}},"loc":{"start":{"line":30,"column":4},"end":{"line":42,"column":5}},"line":30},"3":{"name":"getComicsBy","decl":{"start":{"line":44,"column":8},"end":{"line":46,"column":7}},"loc":{"start":{"line":44,"column":8},"end":{"line":46,"column":7}},"line":44},"4":{"name":"displayComics","decl":{"start":{"line":48,"column":4},"end":{"line":57,"column":5}},"loc":{"start":{"line":48,"column":4},"end":{"line":57,"column":5}},"line":48},"5":{"name":"displayUser","decl":{"start":{"line":58,"column":4},"end":{"line":62,"column":5}},"loc":{"start":{"line":58,"column":4},"end":{"line":62,"column":5}},"line":58}},"f":{"0":2,"1":2,"2":2,"3":0,"4":2,"5":0}}
,"D:\\La_Fosse\\Nerdwork\\client\\src\\components\\Communities\\index.jsx": {"path":"D:\\La_Fosse\\Nerdwork\\client\\src\\components\\Communities\\index.jsx","all":false,"statementMap":{"0":{"start":{"line":1,"column":0},"end":{"line":1,"column":26}},"1":{"start":{"line":2,"column":0},"end":{"line":2,"column":40}},"2":{"start":{"line":3,"column":0},"end":{"line":3,"column":60}},"3":{"start":{"line":4,"column":0},"end":{"line":4,"column":0}},"4":{"start":{"line":5,"column":0},"end":{"line":5,"column":23}},"5":{"start":{"line":6,"column":0},"end":{"line":6,"column":3}},"6":{"start":{"line":7,"column":0},"end":{"line":7,"column":23}},"7":{"start":{"line":8,"column":0},"end":{"line":8,"column":30}},"8":{"start":{"line":9,"column":0},"end":{"line":9,"column":79}},"9":{"start":{"line":10,"column":0},"end":{"line":10,"column":4}},"10":{"start":{"line":11,"column":0},"end":{"line":11,"column":26}},"11":{"start":{"line":12,"column":0},"end":{"line":12,"column":2}},"12":{"start":{"line":13,"column":0},"end":{"line":13,"column":0}},"13":{"start":{"line":14,"column":0},"end":{"line":14,"column":31}},"14":{"start":{"line":15,"column":0},"end":{"line":15,"column":10}},"15":{"start":{"line":16,"column":0},"end":{"line":16,"column":15}},"16":{"start":{"line":17,"column":0},"end":{"line":17,"column":46}},"17":{"start":{"line":18,"column":0},"end":{"line":18,"column":43}},"18":{"start":{"line":19,"column":0},"end":{"line":19,"column":80}},"19":{"start":{"line":20,"column":0},"end":{"line":20,"column":18}},"20":{"start":{"line":21,"column":0},"end":{"line":21,"column":62}},"21":{"start":{"line":22,"column":0},"end":{"line":22,"column":25}},"22":{"start":{"line":23,"column":0},"end":{"line":23,"column":57}},"23":{"start":{"line":24,"column":0},"end":{"line":24,"column":62}},"24":{"start":{"line":25,"column":0},"end":{"line":25,"column":84}},"25":{"start":{"line":26,"column":0},"end":{"line":26,"column":33}},"26":{"start":{"line":27,"column":0},"end":{"line":27,"column":23}},"27":{"start":{"line":28,"column":0},"end":{"line":28,"column":26}},"28":{"start":{"line":29,"column":0},"end":{"line":29,"column":19}},"29":{"start":{"line":30,"column":0},"end":{"line":30,"column":16}},"30":{"start":{"line":31,"column":0},"end":{"line":31,"column":11}},"31":{"start":{"line":32,"column":0},"end":{"line":32,"column":12}},"32":{"start":{"line":33,"column":0},"end":{"line":33,"column":16}},"33":{"start":{"line":34,"column":0},"end":{"line":34,"column":4}},"34":{"start":{"line":35,"column":0},"end":{"line":35,"column":2}},"35":{"start":{"line":36,"column":0},"end":{"line":36,"column":0}},"36":{"start":{"line":37,"column":0},"end":{"line":37,"column":31}}},"s":{"0":1,"1":1,"2":1,"3":1,"4":1,"5":1,"6":1,"7":1,"8":1,"9":1,"10":1,"11":1,"12":1,"13":1,"14":0,"15":0,"16":0,"17":0,"18":0,"19":0,"20":0,"21":0,"22":0,"23":0,"24":0,"25":0,"26":0,"27":0,"28":0,"29":0,"30":0,"31":0,"32":0,"33":0,"34":0,"35":1,"36":1},"branchMap":{},"b":{},"fnMap":{"0":{"name":"CommunitiesPage","decl":{"start":{"line":14,"column":24},"end":{"line":35,"column":2}},"loc":{"start":{"line":14,"column":24},"end":{"line":35,"column":2}},"line":14}},"f":{"0":0}}
,"D:\\La_Fosse\\Nerdwork\\client\\src\\components\\CommunityCard\\index.jsx": {"path":"D:\\La_Fosse\\Nerdwork\\client\\src\\components\\CommunityCard\\index.jsx","all":false,"statementMap":{"0":{"start":{"line":1,"column":0},"end":{"line":1,"column":25}},"1":{"start":{"line":2,"column":0},"end":{"line":2,"column":28}},"2":{"start":{"line":3,"column":0},"end":{"line":3,"column":0}},"3":{"start":{"line":4,"column":0},"end":{"line":4,"column":75}},"4":{"start":{"line":5,"column":0},"end":{"line":5,"column":4}},"5":{"start":{"line":6,"column":0},"end":{"line":6,"column":11}},"6":{"start":{"line":7,"column":0},"end":{"line":7,"column":40}},"7":{"start":{"line":8,"column":0},"end":{"line":8,"column":44}},"8":{"start":{"line":9,"column":0},"end":{"line":9,"column":51}},"9":{"start":{"line":10,"column":0},"end":{"line":10,"column":116}},"10":{"start":{"line":11,"column":0},"end":{"line":11,"column":18}},"11":{"start":{"line":12,"column":0},"end":{"line":12,"column":51}},"12":{"start":{"line":13,"column":0},"end":{"line":13,"column":46}},"13":{"start":{"line":14,"column":0},"end":{"line":14,"column":18}},"14":{"start":{"line":15,"column":0},"end":{"line":15,"column":14}},"15":{"start":{"line":16,"column":0},"end":{"line":16,"column":5}},"16":{"start":{"line":17,"column":0},"end":{"line":17,"column":1}}},"s":{"0":1,"1":1,"2":1,"3":0,"4":0,"5":0,"6":0,"7":0,"8":0,"9":0,"10":0,"11":0,"12":0,"13":0,"14":0,"15":0,"16":0},"branchMap":{},"b":{},"fnMap":{"0":{"name":"CommunityCard","decl":{"start":{"line":4,"column":0},"end":{"line":17,"column":1}},"loc":{"start":{"line":4,"column":0},"end":{"line":17,"column":1}},"line":4}},"f":{"0":0}}
,"D:\\La_Fosse\\Nerdwork\\client\\src\\components\\FormInput\\index.jsx": {"path":"D:\\La_Fosse\\Nerdwork\\client\\src\\components\\FormInput\\index.jsx","all":false,"statementMap":{"0":{"start":{"line":1,"column":0},"end":{"line":1,"column":26}},"1":{"start":{"line":2,"column":0},"end":{"line":2,"column":39}},"2":{"start":{"line":3,"column":0},"end":{"line":3,"column":0}},"3":{"start":{"line":4,"column":0},"end":{"line":4,"column":76}},"4":{"start":{"line":5,"column":0},"end":{"line":5,"column":10}},"5":{"start":{"line":6,"column":0},"end":{"line":6,"column":33}},"6":{"start":{"line":7,"column":0},"end":{"line":7,"column":38}},"7":{"start":{"line":8,"column":0},"end":{"line":8,"column":19}},"8":{"start":{"line":9,"column":0},"end":{"line":9,"column":19}},"9":{"start":{"line":10,"column":0},"end":{"line":10,"column":33}},"10":{"start":{"line":11,"column":0},"end":{"line":11,"column":19}},"11":{"start":{"line":12,"column":0},"end":{"line":12,"column":21}},"12":{"start":{"line":13,"column":0},"end":{"line":13,"column":27}},"13":{"start":{"line":14,"column":0},"end":{"line":14,"column":8}},"14":{"start":{"line":15,"column":0},"end":{"line":15,"column":17}},"15":{"start":{"line":16,"column":0},"end":{"line":16,"column":4}},"16":{"start":{"line":17,"column":0},"end":{"line":17,"column":2}},"17":{"start":{"line":18,"column":0},"end":{"line":18,"column":0}},"18":{"start":{"line":19,"column":0},"end":{"line":19,"column":25}}},"s":{"0":1,"1":1,"2":1,"3":1,"4":5,"5":5,"6":5,"7":5,"8":5,"9":5,"10":5,"11":5,"12":5,"13":5,"14":5,"15":5,"16":5,"17":1,"18":1},"branchMap":{"0":{"type":"branch","line":4,"loc":{"start":{"line":4,"column":18},"end":{"line":17,"column":2}},"locations":[{"start":{"line":4,"column":18},"end":{"line":17,"column":2}}]}},"b":{"0":[5]},"fnMap":{"0":{"name":"FormInput","decl":{"start":{"line":4,"column":18},"end":{"line":17,"column":2}},"loc":{"start":{"line":4,"column":18},"end":{"line":17,"column":2}},"line":4}},"f":{"0":5}}
,"D:\\La_Fosse\\Nerdwork\\client\\src\\components\\FormMultiSelect\\index.jsx": {"path":"D:\\La_Fosse\\Nerdwork\\client\\src\\components\\FormMultiSelect\\index.jsx","all":false,"statementMap":{"0":{"start":{"line":1,"column":0},"end":{"line":1,"column":26}},"1":{"start":{"line":2,"column":0},"end":{"line":2,"column":47}},"2":{"start":{"line":3,"column":0},"end":{"line":3,"column":0}},"3":{"start":{"line":4,"column":0},"end":{"line":4,"column":75}},"4":{"start":{"line":5,"column":0},"end":{"line":5,"column":10}},"5":{"start":{"line":6,"column":0},"end":{"line":6,"column":33}},"6":{"start":{"line":7,"column":0},"end":{"line":7,"column":38}},"7":{"start":{"line":8,"column":0},"end":{"line":8,"column":11}},"8":{"start":{"line":9,"column":0},"end":{"line":9,"column":34}},"9":{"start":{"line":10,"column":0},"end":{"line":10,"column":18}},"10":{"start":{"line":11,"column":0},"end":{"line":11,"column":24}},"11":{"start":{"line":12,"column":0},"end":{"line":12,"column":73}},"12":{"start":{"line":13,"column":0},"end":{"line":13,"column":44}},"13":{"start":{"line":14,"column":0},"end":{"line":14,"column":27}},"14":{"start":{"line":15,"column":0},"end":{"line":15,"column":11}},"15":{"start":{"line":16,"column":0},"end":{"line":16,"column":20}},"16":{"start":{"line":17,"column":0},"end":{"line":17,"column":19}},"17":{"start":{"line":18,"column":0},"end":{"line":18,"column":11}},"18":{"start":{"line":19,"column":0},"end":{"line":19,"column":12}},"19":{"start":{"line":20,"column":0},"end":{"line":20,"column":17}},"20":{"start":{"line":21,"column":0},"end":{"line":21,"column":4}},"21":{"start":{"line":22,"column":0},"end":{"line":22,"column":2}},"22":{"start":{"line":23,"column":0},"end":{"line":23,"column":0}},"23":{"start":{"line":24,"column":0},"end":{"line":24,"column":31}}},"s":{"0":1,"1":1,"2":1,"3":1,"4":3,"5":3,"6":3,"7":3,"8":3,"9":9,"10":9,"11":9,"12":9,"13":9,"14":9,"15":9,"16":9,"17":3,"18":3,"19":3,"20":3,"21":3,"22":1,"23":1},"branchMap":{"0":{"type":"branch","line":4,"loc":{"start":{"line":4,"column":24},"end":{"line":22,"column":2}},"locations":[{"start":{"line":4,"column":24},"end":{"line":22,"column":2}}]},"1":{"type":"branch","line":9,"loc":{"start":{"line":9,"column":21},"end":{"line":17,"column":19}},"locations":[{"start":{"line":9,"column":21},"end":{"line":17,"column":19}}]},"2":{"type":"branch","line":12,"loc":{"start":{"line":12,"column":45},"end":{"line":12,"column":61}},"locations":[{"start":{"line":12,"column":45},"end":{"line":12,"column":61}}]},"3":{"type":"branch","line":12,"loc":{"start":{"line":12,"column":49},"end":{"line":12,"column":73}},"locations":[{"start":{"line":12,"column":49},"end":{"line":12,"column":73}}]},"4":{"type":"branch","line":13,"loc":{"start":{"line":13,"column":21},"end":{"line":13,"column":44}},"locations":[{"start":{"line":13,"column":21},"end":{"line":13,"column":44}}]}},"b":{"0":[3],"1":[9],"2":[6],"3":[3],"4":[1]},"fnMap":{"0":{"name":"FormMultiSelect","decl":{"start":{"line":4,"column":24},"end":{"line":22,"column":2}},"loc":{"start":{"line":4,"column":24},"end":{"line":22,"column":2}},"line":4},"1":{"name":"onClick","decl":{"start":{"line":13,"column":21},"end":{"line":13,"column":44}},"loc":{"start":{"line":13,"column":21},"end":{"line":13,"column":44}},"line":13}},"f":{"0":3,"1":1}}
,"D:\\La_Fosse\\Nerdwork\\client\\src\\components\\FormRating\\index.jsx": {"path":"D:\\La_Fosse\\Nerdwork\\client\\src\\components\\FormRating\\index.jsx","all":false,"statementMap":{"0":{"start":{"line":1,"column":0},"end":{"line":1,"column":40}},"1":{"start":{"line":2,"column":0},"end":{"line":2,"column":39}},"2":{"start":{"line":3,"column":0},"end":{"line":3,"column":75}},"3":{"start":{"line":4,"column":0},"end":{"line":4,"column":0}},"4":{"start":{"line":5,"column":0},"end":{"line":5,"column":66}},"5":{"start":{"line":6,"column":0},"end":{"line":6,"column":7}},"6":{"start":{"line":7,"column":0},"end":{"line":7,"column":52}},"7":{"start":{"line":8,"column":0},"end":{"line":8,"column":29}},"8":{"start":{"line":9,"column":0},"end":{"line":9,"column":27}},"9":{"start":{"line":10,"column":0},"end":{"line":10,"column":21}},"10":{"start":{"line":11,"column":0},"end":{"line":11,"column":3}},"11":{"start":{"line":12,"column":0},"end":{"line":12,"column":11}},"12":{"start":{"line":13,"column":0},"end":{"line":13,"column":9}},"13":{"start":{"line":14,"column":0},"end":{"line":14,"column":2}},"14":{"start":{"line":15,"column":0},"end":{"line":15,"column":0}},"15":{"start":{"line":16,"column":0},"end":{"line":16,"column":57}},"16":{"start":{"line":17,"column":0},"end":{"line":17,"column":58}},"17":{"start":{"line":18,"column":0},"end":{"line":18,"column":0}},"18":{"start":{"line":19,"column":0},"end":{"line":19,"column":38}},"19":{"start":{"line":20,"column":0},"end":{"line":20,"column":62}},"20":{"start":{"line":21,"column":0},"end":{"line":21,"column":4}},"21":{"start":{"line":22,"column":0},"end":{"line":22,"column":0}},"22":{"start":{"line":23,"column":0},"end":{"line":23,"column":10}},"23":{"start":{"line":24,"column":0},"end":{"line":24,"column":9}},"24":{"start":{"line":25,"column":0},"end":{"line":25,"column":45}},"25":{"start":{"line":26,"column":0},"end":{"line":26,"column":13}},"26":{"start":{"line":27,"column":0},"end":{"line":27,"column":17}},"27":{"start":{"line":28,"column":0},"end":{"line":28,"column":74}},"28":{"start":{"line":29,"column":0},"end":{"line":29,"column":50}},"29":{"start":{"line":30,"column":0},"end":{"line":30,"column":53}},"30":{"start":{"line":31,"column":0},"end":{"line":31,"column":45}},"31":{"start":{"line":32,"column":0},"end":{"line":32,"column":10}},"32":{"start":{"line":33,"column":0},"end":{"line":33,"column":9}},"33":{"start":{"line":34,"column":0},"end":{"line":34,"column":10}},"34":{"start":{"line":35,"column":0},"end":{"line":35,"column":4}},"35":{"start":{"line":36,"column":0},"end":{"line":36,"column":2}},"36":{"start":{"line":37,"column":0},"end":{"line":37,"column":0}},"37":{"start":{"line":38,"column":0},"end":{"line":38,"column":58}},"38":{"start":{"line":39,"column":0},"end":{"line":39,"column":37}},"39":{"start":{"line":40,"column":0},"end":{"line":40,"column":16}},"40":{"start":{"line":41,"column":0},"end":{"line":41,"column":4}},"41":{"start":{"line":42,"column":0},"end":{"line":42,"column":0}},"42":{"start":{"line":43,"column":0},"end":{"line":43,"column":10}},"43":{"start":{"line":44,"column":0},"end":{"line":44,"column":33}},"44":{"start":{"line":45,"column":0},"end":{"line":45,"column":38}},"45":{"start":{"line":46,"column":0},"end":{"line":46,"column":17}},"46":{"start":{"line":47,"column":0},"end":{"line":47,"column":22}},"47":{"start":{"line":48,"column":0},"end":{"line":48,"column":21}},"48":{"start":{"line":49,"column":0},"end":{"line":49,"column":37}},"49":{"start":{"line":50,"column":0},"end":{"line":50,"column":8}},"50":{"start":{"line":51,"column":0},"end":{"line":51,"column":17}},"51":{"start":{"line":52,"column":0},"end":{"line":52,"column":4}},"52":{"start":{"line":53,"column":0},"end":{"line":53,"column":2}},"53":{"start":{"line":54,"column":0},"end":{"line":54,"column":0}},"54":{"start":{"line":55,"column":0},"end":{"line":55,"column":26}}},"s":{"0":1,"1":1,"2":1,"3":1,"4":1,"5":25,"6":25,"7":25,"8":25,"9":25,"10":25,"11":25,"12":25,"13":1,"14":1,"15":1,"16":5,"17":5,"18":5,"19":1,"20":1,"21":5,"22":5,"23":5,"24":5,"25":25,"26":25,"27":25,"28":25,"29":25,"30":25,"31":25,"32":5,"33":5,"34":5,"35":5,"36":1,"37":1,"38":4,"39":1,"40":1,"41":4,"42":4,"43":4,"44":4,"45":4,"46":4,"47":4,"48":4,"49":4,"50":4,"51":4,"52":4,"53":1,"54":1},"branchMap":{"0":{"type":"branch","line":5,"loc":{"start":{"line":5,"column":13},"end":{"line":13,"column":9}},"locations":[{"start":{"line":5,"column":13},"end":{"line":13,"column":9}}]},"1":{"type":"branch","line":7,"loc":{"start":{"line":7,"column":23},"end":{"line":7,"column":47}},"locations":[{"start":{"line":7,"column":23},"end":{"line":7,"column":47}}]},"2":{"type":"branch","line":7,"loc":{"start":{"line":7,"column":34},"end":{"line":7,"column":49}},"locations":[{"start":{"line":7,"column":34},"end":{"line":7,"column":49}}]},"3":{"type":"branch","line":16,"loc":{"start":{"line":16,"column":19},"end":{"line":36,"column":2}},"locations":[{"start":{"line":16,"column":19},"end":{"line":36,"column":2}}]},"4":{"type":"branch","line":19,"loc":{"start":{"line":19,"column":23},"end":{"line":21,"column":4}},"locations":[{"start":{"line":19,"column":23},"end":{"line":21,"column":4}}]},"5":{"type":"branch","line":25,"loc":{"start":{"line":25,"column":34},"end":{"line":32,"column":10}},"locations":[{"start":{"line":25,"column":34},"end":{"line":32,"column":10}}]},"6":{"type":"branch","line":28,"loc":{"start":{"line":28,"column":35},"end":{"line":28,"column":64}},"locations":[{"start":{"line":28,"column":35},"end":{"line":28,"column":64}}]},"7":{"type":"branch","line":28,"loc":{"start":{"line":28,"column":51},"end":{"line":28,"column":74}},"locations":[{"start":{"line":28,"column":51},"end":{"line":28,"column":74}}]},"8":{"type":"branch","line":29,"loc":{"start":{"line":29,"column":23},"end":{"line":29,"column":50}},"locations":[{"start":{"line":29,"column":23},"end":{"line":29,"column":50}}]},"9":{"type":"branch","line":31,"loc":{"start":{"line":31,"column":19},"end":{"line":31,"column":45}},"locations":[{"start":{"line":31,"column":19},"end":{"line":31,"column":45}}]},"10":{"type":"branch","line":38,"loc":{"start":{"line":38,"column":19},"end":{"line":53,"column":2}},"locations":[{"start":{"line":38,"column":19},"end":{"line":53,"column":2}}]},"11":{"type":"branch","line":39,"loc":{"start":{"line":39,"column":29},"end":{"line":41,"column":4}},"locations":[{"start":{"line":39,"column":29},"end":{"line":41,"column":4}}]}},"b":{"0":[25],"1":[15],"2":[10],"3":[5],"4":[1],"5":[25],"6":[5],"7":[20],"8":[1],"9":[1],"10":[4],"11":[1]},"fnMap":{"0":{"name":"Star","decl":{"start":{"line":5,"column":13},"end":{"line":13,"column":9}},"loc":{"start":{"line":5,"column":13},"end":{"line":13,"column":9}},"line":5},"1":{"name":"StarRating","decl":{"start":{"line":16,"column":19},"end":{"line":36,"column":2}},"loc":{"start":{"line":16,"column":19},"end":{"line":36,"column":2}},"line":16},"2":{"name":"handleChange","decl":{"start":{"line":19,"column":23},"end":{"line":21,"column":4}},"loc":{"start":{"line":19,"column":23},"end":{"line":21,"column":4}},"line":19},"3":{"name":"onMouseOver","decl":{"start":{"line":29,"column":23},"end":{"line":29,"column":50}},"loc":{"start":{"line":29,"column":23},"end":{"line":29,"column":50}},"line":29},"4":{"name":"onMouseOut","decl":{"start":{"line":30,"column":22},"end":{"line":30,"column":53}},"loc":{"start":{"line":30,"column":22},"end":{"line":30,"column":53}},"line":30},"5":{"name":"onClick","decl":{"start":{"line":31,"column":19},"end":{"line":31,"column":45}},"loc":{"start":{"line":31,"column":19},"end":{"line":31,"column":45}},"line":31},"6":{"name":"FormRating","decl":{"start":{"line":38,"column":19},"end":{"line":53,"column":2}},"loc":{"start":{"line":38,"column":19},"end":{"line":53,"column":2}},"line":38},"7":{"name":"handleRatingChange","decl":{"start":{"line":39,"column":29},"end":{"line":41,"column":4}},"loc":{"start":{"line":39,"column":29},"end":{"line":41,"column":4}},"line":39}},"f":{"0":25,"1":5,"2":1,"3":1,"4":0,"5":1,"6":4,"7":1}}
,"D:\\La_Fosse\\Nerdwork\\client\\src\\components\\FormSelect\\index.jsx": {"path":"D:\\La_Fosse\\Nerdwork\\client\\src\\components\\FormSelect\\index.jsx","all":false,"statementMap":{"0":{"start":{"line":1,"column":0},"end":{"line":1,"column":26}},"1":{"start":{"line":2,"column":0},"end":{"line":2,"column":39}},"2":{"start":{"line":3,"column":0},"end":{"line":3,"column":0}},"3":{"start":{"line":4,"column":0},"end":{"line":4,"column":85}},"4":{"start":{"line":5,"column":0},"end":{"line":5,"column":10}},"5":{"start":{"line":6,"column":0},"end":{"line":6,"column":33}},"6":{"start":{"line":7,"column":0},"end":{"line":7,"column":84}},"7":{"start":{"line":8,"column":0},"end":{"line":8,"column":108}},"8":{"start":{"line":9,"column":0},"end":{"line":9,"column":78}},"9":{"start":{"line":10,"column":0},"end":{"line":10,"column":34}},"10":{"start":{"line":11,"column":0},"end":{"line":11,"column":58}},"11":{"start":{"line":12,"column":0},"end":{"line":12,"column":26}},"12":{"start":{"line":13,"column":0},"end":{"line":13,"column":19}},"13":{"start":{"line":14,"column":0},"end":{"line":14,"column":11}},"14":{"start":{"line":15,"column":0},"end":{"line":15,"column":21}},"15":{"start":{"line":16,"column":0},"end":{"line":16,"column":17}},"16":{"start":{"line":17,"column":0},"end":{"line":17,"column":4}},"17":{"start":{"line":18,"column":0},"end":{"line":18,"column":2}},"18":{"start":{"line":19,"column":0},"end":{"line":19,"column":0}},"19":{"start":{"line":20,"column":0},"end":{"line":20,"column":26}}},"s":{"0":1,"1":1,"2":1,"3":1,"4":3,"5":3,"6":3,"7":3,"8":3,"9":3,"10":9,"11":9,"12":9,"13":3,"14":3,"15":3,"16":3,"17":3,"18":1,"19":1},"branchMap":{"0":{"type":"branch","line":4,"loc":{"start":{"line":4,"column":19},"end":{"line":18,"column":2}},"locations":[{"start":{"line":4,"column":19},"end":{"line":18,"column":2}}]},"1":{"type":"branch","line":10,"loc":{"start":{"line":10,"column":21},"end":{"line":13,"column":19}},"locations":[{"start":{"line":10,"column":21},"end":{"line":13,"column":19}}]}},"b":{"0":[3],"1":[9]},"fnMap":{"0":{"name":"FormSelect","decl":{"start":{"line":4,"column":19},"end":{"line":18,"column":2}},"loc":{"start":{"line":4,"column":19},"end":{"line":18,"column":2}},"line":4}},"f":{"0":3}}
,"D:\\La_Fosse\\Nerdwork\\client\\src\\components\\GameSearchWidget\\index.jsx": {"path":"D:\\La_Fosse\\Nerdwork\\client\\src\\components\\GameSearchWidget\\index.jsx","all":false,"statementMap":{"0":{"start":{"line":1,"column":0},"end":{"line":1,"column":51}},"1":{"start":{"line":2,"column":0},"end":{"line":2,"column":39}},"2":{"start":{"line":3,"column":0},"end":{"line":3,"column":47}},"3":{"start":{"line":4,"column":0},"end":{"line":4,"column":47}},"4":{"start":{"line":5,"column":0},"end":{"line":5,"column":0}},"5":{"start":{"line":6,"column":0},"end":{"line":6,"column":0}},"6":{"start":{"line":7,"column":0},"end":{"line":7,"column":45}},"7":{"start":{"line":8,"column":0},"end":{"line":8,"column":57}},"8":{"start":{"line":9,"column":0},"end":{"line":9,"column":43}},"9":{"start":{"line":10,"column":0},"end":{"line":10,"column":34}},"10":{"start":{"line":11,"column":0},"end":{"line":11,"column":0}},"11":{"start":{"line":12,"column":0},"end":{"line":12,"column":0}},"12":{"start":{"line":13,"column":0},"end":{"line":13,"column":21}},"13":{"start":{"line":14,"column":0},"end":{"line":14,"column":22}},"14":{"start":{"line":15,"column":0},"end":{"line":15,"column":11}},"15":{"start":{"line":16,"column":0},"end":{"line":16,"column":0}},"16":{"start":{"line":17,"column":0},"end":{"line":17,"column":37}},"17":{"start":{"line":18,"column":0},"end":{"line":18,"column":13}},"18":{"start":{"line":19,"column":0},"end":{"line":19,"column":92}},"19":{"start":{"line":20,"column":0},"end":{"line":20,"column":47}},"20":{"start":{"line":21,"column":0},"end":{"line":21,"column":29}},"21":{"start":{"line":22,"column":0},"end":{"line":22,"column":36}},"22":{"start":{"line":23,"column":0},"end":{"line":23,"column":28}},"23":{"start":{"line":24,"column":0},"end":{"line":24,"column":25}},"24":{"start":{"line":25,"column":0},"end":{"line":25,"column":29}},"25":{"start":{"line":26,"column":0},"end":{"line":26,"column":58}},"26":{"start":{"line":27,"column":0},"end":{"line":27,"column":9}},"27":{"start":{"line":28,"column":0},"end":{"line":28,"column":6}},"28":{"start":{"line":29,"column":0},"end":{"line":29,"column":0}},"29":{"start":{"line":30,"column":0},"end":{"line":30,"column":42}},"30":{"start":{"line":31,"column":0},"end":{"line":31,"column":39}},"31":{"start":{"line":32,"column":0},"end":{"line":32,"column":32}},"32":{"start":{"line":33,"column":0},"end":{"line":33,"column":4}},"33":{"start":{"line":34,"column":0},"end":{"line":34,"column":30}},"34":{"start":{"line":35,"column":0},"end":{"line":35,"column":46}},"35":{"start":{"line":36,"column":0},"end":{"line":36,"column":41}},"36":{"start":{"line":37,"column":0},"end":{"line":37,"column":36}},"37":{"start":{"line":38,"column":0},"end":{"line":38,"column":11}},"38":{"start":{"line":39,"column":0},"end":{"line":39,"column":11}},"39":{"start":{"line":40,"column":0},"end":{"line":40,"column":33}},"40":{"start":{"line":41,"column":0},"end":{"line":41,"column":28}},"41":{"start":{"line":42,"column":0},"end":{"line":42,"column":5}},"42":{"start":{"line":43,"column":0},"end":{"line":43,"column":52}},"43":{"start":{"line":44,"column":0},"end":{"line":44,"column":36}},"44":{"start":{"line":45,"column":0},"end":{"line":45,"column":58}},"45":{"start":{"line":46,"column":0},"end":{"line":46,"column":7}},"46":{"start":{"line":47,"column":0},"end":{"line":47,"column":27}},"47":{"start":{"line":48,"column":0},"end":{"line":48,"column":30}},"48":{"start":{"line":49,"column":0},"end":{"line":49,"column":25}},"49":{"start":{"line":50,"column":0},"end":{"line":50,"column":118}},"50":{"start":{"line":51,"column":0},"end":{"line":51,"column":27}},"51":{"start":{"line":52,"column":0},"end":{"line":52,"column":84}},"52":{"start":{"line":53,"column":0},"end":{"line":53,"column":41}},"53":{"start":{"line":54,"column":0},"end":{"line":54,"column":18}},"54":{"start":{"line":55,"column":0},"end":{"line":55,"column":10}},"55":{"start":{"line":56,"column":0},"end":{"line":56,"column":5}},"56":{"start":{"line":57,"column":0},"end":{"line":57,"column":34}},"57":{"start":{"line":58,"column":0},"end":{"line":58,"column":54}},"58":{"start":{"line":59,"column":0},"end":{"line":59,"column":47}},"59":{"start":{"line":60,"column":0},"end":{"line":60,"column":64}},"60":{"start":{"line":61,"column":0},"end":{"line":61,"column":5}},"61":{"start":{"line":62,"column":0},"end":{"line":62,"column":6}},"62":{"start":{"line":63,"column":0},"end":{"line":63,"column":4}},"63":{"start":{"line":64,"column":0},"end":{"line":64,"column":11}},"64":{"start":{"line":65,"column":0},"end":{"line":65,"column":13}},"65":{"start":{"line":66,"column":0},"end":{"line":66,"column":83}},"66":{"start":{"line":67,"column":0},"end":{"line":67,"column":42}},"67":{"start":{"line":68,"column":0},"end":{"line":68,"column":29}},"68":{"start":{"line":69,"column":0},"end":{"line":69,"column":15}},"69":{"start":{"line":70,"column":0},"end":{"line":70,"column":10}},"70":{"start":{"line":71,"column":0},"end":{"line":71,"column":5}},"71":{"start":{"line":72,"column":0},"end":{"line":72,"column":1}}},"s":{"0":1,"1":1,"2":1,"3":1,"4":1,"5":1,"6":2,"7":2,"8":2,"9":2,"10":2,"11":2,"12":2,"13":2,"14":2,"15":2,"16":2,"17":2,"18":2,"19":0,"20":0,"21":0,"22":0,"23":0,"24":0,"25":0,"26":0,"27":2,"28":2,"29":2,"30":2,"31":2,"32":2,"33":2,"34":0,"35":0,"36":0,"37":0,"38":2,"39":2,"40":2,"41":2,"42":2,"43":2,"44":0,"45":0,"46":2,"47":2,"48":2,"49":2,"50":2,"51":0,"52":0,"53":0,"54":2,"55":2,"56":2,"57":0,"58":0,"59":0,"60":0,"61":2,"62":2,"63":2,"64":2,"65":2,"66":2,"67":2,"68":2,"69":2,"70":2,"71":2},"branchMap":{"0":{"type":"branch","line":7,"loc":{"start":{"line":7,"column":0},"end":{"line":72,"column":1}},"locations":[{"start":{"line":7,"column":0},"end":{"line":72,"column":1}}]},"1":{"type":"branch","line":13,"loc":{"start":{"line":13,"column":14},"end":{"line":15,"column":7}},"locations":[{"start":{"line":13,"column":14},"end":{"line":15,"column":7}}]},"2":{"type":"branch","line":17,"loc":{"start":{"line":17,"column":24},"end":{"line":28,"column":6}},"locations":[{"start":{"line":17,"column":24},"end":{"line":28,"column":6}}]},"3":{"type":"branch","line":19,"loc":{"start":{"line":19,"column":89},"end":{"line":27,"column":9}},"locations":[{"start":{"line":19,"column":89},"end":{"line":27,"column":9}}]},"4":{"type":"branch","line":30,"loc":{"start":{"line":30,"column":4},"end":{"line":42,"column":5}},"locations":[{"start":{"line":30,"column":4},"end":{"line":42,"column":5}}]},"5":{"type":"branch","line":48,"loc":{"start":{"line":48,"column":4},"end":{"line":56,"column":5}},"locations":[{"start":{"line":48,"column":4},"end":{"line":56,"column":5}}]}},"b":{"0":[2],"1":[2],"2":[2],"3":[0],"4":[2],"5":[2]},"fnMap":{"0":{"name":"GameSearchWidget","decl":{"start":{"line":7,"column":0},"end":{"line":72,"column":1}},"loc":{"start":{"line":7,"column":0},"end":{"line":72,"column":1}},"line":7},"1":{"name":"fetchComics","decl":{"start":{"line":17,"column":24},"end":{"line":28,"column":6}},"loc":{"start":{"line":17,"column":24},"end":{"line":28,"column":6}},"line":17},"2":{"name":"removeDuplicateTitles","decl":{"start":{"line":30,"column":4},"end":{"line":42,"column":5}},"loc":{"start":{"line":30,"column":4},"end":{"line":42,"column":5}},"line":30},"3":{"name":"getGamesBy","decl":{"start":{"line":44,"column":8},"end":{"line":46,"column":7}},"loc":{"start":{"line":44,"column":8},"end":{"line":46,"column":7}},"line":44},"4":{"name":"displayComics","decl":{"start":{"line":48,"column":4},"end":{"line":56,"column":5}},"loc":{"start":{"line":48,"column":4},"end":{"line":56,"column":5}},"line":48},"5":{"name":"displayUser","decl":{"start":{"line":57,"column":4},"end":{"line":61,"column":5}},"loc":{"start":{"line":57,"column":4},"end":{"line":61,"column":5}},"line":57}},"f":{"0":2,"1":2,"2":2,"3":0,"4":2,"5":0}}
,"D:\\La_Fosse\\Nerdwork\\client\\src\\components\\GeneralForm\\index.jsx": {"path":"D:\\La_Fosse\\Nerdwork\\client\\src\\components\\GeneralForm\\index.jsx","all":false,"statementMap":{"0":{"start":{"line":1,"column":0},"end":{"line":1,"column":50}},"1":{"start":{"line":2,"column":0},"end":{"line":2,"column":75}},"2":{"start":{"line":3,"column":0},"end":{"line":3,"column":47}},"3":{"start":{"line":4,"column":0},"end":{"line":4,"column":101}},"4":{"start":{"line":5,"column":0},"end":{"line":5,"column":0}},"5":{"start":{"line":6,"column":0},"end":{"line":6,"column":0}},"6":{"start":{"line":7,"column":0},"end":{"line":7,"column":78}},"7":{"start":{"line":8,"column":0},"end":{"line":8,"column":46}},"8":{"start":{"line":9,"column":0},"end":{"line":9,"column":18}},"9":{"start":{"line":10,"column":0},"end":{"line":10,"column":16}},"10":{"start":{"line":11,"column":0},"end":{"line":11,"column":19}},"11":{"start":{"line":12,"column":0},"end":{"line":12,"column":18}},"12":{"start":{"line":13,"column":0},"end":{"line":13,"column":22}},"13":{"start":{"line":14,"column":0},"end":{"line":14,"column":18}},"14":{"start":{"line":15,"column":0},"end":{"line":15,"column":18}},"15":{"start":{"line":16,"column":0},"end":{"line":16,"column":21}},"16":{"start":{"line":17,"column":0},"end":{"line":17,"column":26}},"17":{"start":{"line":18,"column":0},"end":{"line":18,"column":23}},"18":{"start":{"line":19,"column":0},"end":{"line":19,"column":9}},"19":{"start":{"line":20,"column":0},"end":{"line":20,"column":61}},"20":{"start":{"line":21,"column":0},"end":{"line":21,"column":45}},"21":{"start":{"line":22,"column":0},"end":{"line":22,"column":37}},"22":{"start":{"line":23,"column":0},"end":{"line":23,"column":4}},"23":{"start":{"line":24,"column":0},"end":{"line":24,"column":23}},"24":{"start":{"line":25,"column":0},"end":{"line":25,"column":56}},"25":{"start":{"line":26,"column":0},"end":{"line":26,"column":24}},"26":{"start":{"line":27,"column":0},"end":{"line":27,"column":79}},"27":{"start":{"line":28,"column":0},"end":{"line":28,"column":9}},"28":{"start":{"line":29,"column":0},"end":{"line":29,"column":13}},"29":{"start":{"line":30,"column":0},"end":{"line":30,"column":4}},"30":{"start":{"line":31,"column":0},"end":{"line":31,"column":51}},"31":{"start":{"line":32,"column":0},"end":{"line":32,"column":13}},"32":{"start":{"line":33,"column":0},"end":{"line":33,"column":88}},"33":{"start":{"line":34,"column":0},"end":{"line":34,"column":28}},"34":{"start":{"line":35,"column":0},"end":{"line":35,"column":22}},"35":{"start":{"line":36,"column":0},"end":{"line":36,"column":49}},"36":{"start":{"line":37,"column":0},"end":{"line":37,"column":14}},"37":{"start":{"line":38,"column":0},"end":{"line":38,"column":51}},"38":{"start":{"line":39,"column":0},"end":{"line":39,"column":13}},"39":{"start":{"line":40,"column":0},"end":{"line":40,"column":4}},"40":{"start":{"line":41,"column":0},"end":{"line":41,"column":29}},"41":{"start":{"line":42,"column":0},"end":{"line":42,"column":52}},"42":{"start":{"line":43,"column":0},"end":{"line":43,"column":101}},"43":{"start":{"line":44,"column":0},"end":{"line":44,"column":11}},"44":{"start":{"line":45,"column":0},"end":{"line":45,"column":4}},"45":{"start":{"line":46,"column":0},"end":{"line":46,"column":37}},"46":{"start":{"line":47,"column":0},"end":{"line":47,"column":47}},"47":{"start":{"line":48,"column":0},"end":{"line":48,"column":48}},"48":{"start":{"line":49,"column":0},"end":{"line":49,"column":25}},"49":{"start":{"line":50,"column":0},"end":{"line":50,"column":56}},"50":{"start":{"line":51,"column":0},"end":{"line":51,"column":79}},"51":{"start":{"line":52,"column":0},"end":{"line":52,"column":9}},"52":{"start":{"line":53,"column":0},"end":{"line":53,"column":8}},"53":{"start":{"line":54,"column":0},"end":{"line":54,"column":4}},"54":{"start":{"line":55,"column":0},"end":{"line":55,"column":41}},"55":{"start":{"line":56,"column":0},"end":{"line":56,"column":27}},"56":{"start":{"line":57,"column":0},"end":{"line":57,"column":4}},"57":{"start":{"line":58,"column":0},"end":{"line":58,"column":28}},"58":{"start":{"line":59,"column":0},"end":{"line":59,"column":22}},"59":{"start":{"line":60,"column":0},"end":{"line":60,"column":32}},"60":{"start":{"line":61,"column":0},"end":{"line":61,"column":54}},"61":{"start":{"line":62,"column":0},"end":{"line":62,"column":32}},"62":{"start":{"line":63,"column":0},"end":{"line":63,"column":46}},"63":{"start":{"line":64,"column":0},"end":{"line":64,"column":10}},"64":{"start":{"line":65,"column":0},"end":{"line":65,"column":4}},"65":{"start":{"line":66,"column":0},"end":{"line":66,"column":13}},"66":{"start":{"line":67,"column":0},"end":{"line":67,"column":86}},"67":{"start":{"line":68,"column":0},"end":{"line":68,"column":27}},"68":{"start":{"line":69,"column":0},"end":{"line":69,"column":22}},"69":{"start":{"line":70,"column":0},"end":{"line":70,"column":49}},"70":{"start":{"line":71,"column":0},"end":{"line":71,"column":14}},"71":{"start":{"line":72,"column":0},"end":{"line":72,"column":45}},"72":{"start":{"line":73,"column":0},"end":{"line":73,"column":13}},"73":{"start":{"line":74,"column":0},"end":{"line":74,"column":4}},"74":{"start":{"line":75,"column":0},"end":{"line":75,"column":29}},"75":{"start":{"line":76,"column":0},"end":{"line":76,"column":53}},"76":{"start":{"line":77,"column":0},"end":{"line":77,"column":101}},"77":{"start":{"line":78,"column":0},"end":{"line":78,"column":11}},"78":{"start":{"line":79,"column":0},"end":{"line":79,"column":4}},"79":{"start":{"line":80,"column":0},"end":{"line":80,"column":47}},"80":{"start":{"line":81,"column":0},"end":{"line":81,"column":30}},"81":{"start":{"line":82,"column":0},"end":{"line":82,"column":60}},"82":{"start":{"line":83,"column":0},"end":{"line":83,"column":29}},"83":{"start":{"line":84,"column":0},"end":{"line":84,"column":4}},"84":{"start":{"line":85,"column":0},"end":{"line":85,"column":64}},"85":{"start":{"line":86,"column":0},"end":{"line":86,"column":4}},"86":{"start":{"line":87,"column":0},"end":{"line":87,"column":34}},"87":{"start":{"line":88,"column":0},"end":{"line":88,"column":25}},"88":{"start":{"line":89,"column":0},"end":{"line":89,"column":77}},"89":{"start":{"line":90,"column":0},"end":{"line":90,"column":41}},"90":{"start":{"line":91,"column":0},"end":{"line":91,"column":9}},"91":{"start":{"line":92,"column":0},"end":{"line":92,"column":8}},"92":{"start":{"line":93,"column":0},"end":{"line":93,"column":4}},"93":{"start":{"line":94,"column":0},"end":{"line":94,"column":35}},"94":{"start":{"line":95,"column":0},"end":{"line":95,"column":41}},"95":{"start":{"line":96,"column":0},"end":{"line":96,"column":58}},"96":{"start":{"line":97,"column":0},"end":{"line":97,"column":8}},"97":{"start":{"line":98,"column":0},"end":{"line":98,"column":4}},"98":{"start":{"line":99,"column":0},"end":{"line":99,"column":53}},"99":{"start":{"line":100,"column":0},"end":{"line":100,"column":24}},"100":{"start":{"line":101,"column":0},"end":{"line":101,"column":53}},"101":{"start":{"line":102,"column":0},"end":{"line":102,"column":82}},"102":{"start":{"line":103,"column":0},"end":{"line":103,"column":16}},"103":{"start":{"line":104,"column":0},"end":{"line":104,"column":59}},"104":{"start":{"line":105,"column":0},"end":{"line":105,"column":9}},"105":{"start":{"line":106,"column":0},"end":{"line":106,"column":38}},"106":{"start":{"line":107,"column":0},"end":{"line":107,"column":63}},"107":{"start":{"line":108,"column":0},"end":{"line":108,"column":8}},"108":{"start":{"line":109,"column":0},"end":{"line":109,"column":4}},"109":{"start":{"line":110,"column":0},"end":{"line":110,"column":0}},"110":{"start":{"line":111,"column":0},"end":{"line":111,"column":11}},"111":{"start":{"line":112,"column":0},"end":{"line":112,"column":33}},"112":{"start":{"line":113,"column":0},"end":{"line":113,"column":57}},"113":{"start":{"line":114,"column":0},"end":{"line":114,"column":24}},"114":{"start":{"line":115,"column":0},"end":{"line":115,"column":63}},"115":{"start":{"line":116,"column":0},"end":{"line":116,"column":62}},"116":{"start":{"line":117,"column":0},"end":{"line":117,"column":72}},"117":{"start":{"line":118,"column":0},"end":{"line":118,"column":141}},"118":{"start":{"line":119,"column":0},"end":{"line":119,"column":153}},"119":{"start":{"line":120,"column":0},"end":{"line":120,"column":152}},"120":{"start":{"line":121,"column":0},"end":{"line":121,"column":294}},"121":{"start":{"line":122,"column":0},"end":{"line":122,"column":163}},"122":{"start":{"line":123,"column":0},"end":{"line":123,"column":154}},"123":{"start":{"line":124,"column":0},"end":{"line":124,"column":134}},"124":{"start":{"line":125,"column":0},"end":{"line":125,"column":238}},"125":{"start":{"line":126,"column":0},"end":{"line":126,"column":96}},"126":{"start":{"line":127,"column":0},"end":{"line":127,"column":19}},"127":{"start":{"line":128,"column":0},"end":{"line":128,"column":18}},"128":{"start":{"line":129,"column":0},"end":{"line":129,"column":14}},"129":{"start":{"line":130,"column":0},"end":{"line":130,"column":10}},"130":{"start":{"line":131,"column":0},"end":{"line":131,"column":5}},"131":{"start":{"line":132,"column":0},"end":{"line":132,"column":1}}},"s":{"0":1,"1":1,"2":1,"3":1,"4":1,"5":1,"6":0,"7":0,"8":0,"9":0,"10":0,"11":0,"12":0,"13":0,"14":0,"15":0,"16":0,"17":0,"18":0,"19":0,"20":0,"21":0,"22":0,"23":0,"24":0,"25":0,"26":0,"27":0,"28":0,"29":0,"30":0,"31":0,"32":0,"33":0,"34":0,"35":0,"36":0,"37":0,"38":0,"39":0,"40":0,"41":0,"42":0,"43":0,"44":0,"45":0,"46":0,"47":0,"48":0,"49":0,"50":0,"51":0,"52":0,"53":0,"54":0,"55":0,"56":0,"57":0,"58":0,"59":0,"60":0,"61":0,"62":0,"63":0,"64":0,"65":0,"66":0,"67":0,"68":0,"69":0,"70":0,"71":0,"72":0,"73":0,"74":0,"75":0,"76":0,"77":0,"78":0,"79":0,"80":0,"81":0,"82":0,"83":0,"84":0,"85":0,"86":0,"87":0,"88":0,"89":0,"90":0,"91":0,"92":0,"93":0,"94":0,"95":0,"96":0,"97":0,"98":0,"99":0,"100":0,"101":0,"102":0,"103":0,"104":0,"105":0,"106":0,"107":0,"108":0,"109":0,"110":0,"111":0,"112":0,"113":0,"114":0,"115":0,"116":0,"117":0,"118":0,"119":0,"120":0,"121":0,"122":0,"123":0,"124":0,"125":0,"126":0,"127":0,"128":0,"129":0,"130":0,"131":0},"branchMap":{},"b":{},"fnMap":{"0":{"name":"GeneralForm","decl":{"start":{"line":7,"column":0},"end":{"line":132,"column":1}},"loc":{"start":{"line":7,"column":0},"end":{"line":132,"column":1}},"line":7}},"f":{"0":0}}
,"D:\\La_Fosse\\Nerdwork\\client\\src\\components\\Genre\\index.jsx": {"path":"D:\\La_Fosse\\Nerdwork\\client\\src\\components\\Genre\\index.jsx","all":false,"statementMap":{"0":{"start":{"line":1,"column":0},"end":{"line":1,"column":26}},"1":{"start":{"line":2,"column":0},"end":{"line":2,"column":20}},"2":{"start":{"line":3,"column":0},"end":{"line":3,"column":43}},"3":{"start":{"line":4,"column":0},"end":{"line":4,"column":10}},"4":{"start":{"line":5,"column":0},"end":{"line":5,"column":31}},"5":{"start":{"line":6,"column":0},"end":{"line":6,"column":37}},"6":{"start":{"line":7,"column":0},"end":{"line":7,"column":36}},"7":{"start":{"line":8,"column":0},"end":{"line":8,"column":9}},"8":{"start":{"line":9,"column":0},"end":{"line":9,"column":9}},"9":{"start":{"line":10,"column":0},"end":{"line":10,"column":4}},"10":{"start":{"line":11,"column":0},"end":{"line":11,"column":1}}},"s":{"0":1,"1":1,"2":4,"3":4,"4":4,"5":4,"6":4,"7":4,"8":4,"9":4,"10":4},"branchMap":{"0":{"type":"branch","line":3,"loc":{"start":{"line":3,"column":0},"end":{"line":11,"column":1}},"locations":[{"start":{"line":3,"column":0},"end":{"line":11,"column":1}}]},"1":{"type":"branch","line":6,"loc":{"start":{"line":6,"column":18},"end":{"line":7,"column":36}},"locations":[{"start":{"line":6,"column":18},"end":{"line":7,"column":36}}]}},"b":{"0":[4],"1":[4]},"fnMap":{"0":{"name":"Genre","decl":{"start":{"line":3,"column":0},"end":{"line":11,"column":1}},"loc":{"start":{"line":3,"column":0},"end":{"line":11,"column":1}},"line":3}},"f":{"0":4}}
,"D:\\La_Fosse\\Nerdwork\\client\\src\\components\\NavigationBar\\index.jsx": {"path":"D:\\La_Fosse\\Nerdwork\\client\\src\\components\\NavigationBar\\index.jsx","all":false,"statementMap":{"0":{"start":{"line":1,"column":0},"end":{"line":1,"column":26}},"1":{"start":{"line":2,"column":0},"end":{"line":2,"column":51}},"2":{"start":{"line":3,"column":0},"end":{"line":3,"column":46}},"3":{"start":{"line":4,"column":0},"end":{"line":4,"column":28}},"4":{"start":{"line":5,"column":0},"end":{"line":5,"column":0}},"5":{"start":{"line":6,"column":0},"end":{"line":6,"column":29}},"6":{"start":{"line":7,"column":0},"end":{"line":7,"column":26}},"7":{"start":{"line":8,"column":0},"end":{"line":8,"column":24}},"8":{"start":{"line":9,"column":0},"end":{"line":9,"column":3}},"9":{"start":{"line":10,"column":0},"end":{"line":10,"column":10}},"10":{"start":{"line":11,"column":0},"end":{"line":11,"column":41}},"11":{"start":{"line":12,"column":0},"end":{"line":12,"column":66}},"12":{"start":{"line":13,"column":0},"end":{"line":13,"column":90}},"13":{"start":{"line":14,"column":0},"end":{"line":14,"column":18}},"14":{"start":{"line":15,"column":0},"end":{"line":15,"column":23}},"15":{"start":{"line":16,"column":0},"end":{"line":16,"column":58}},"16":{"start":{"line":17,"column":0},"end":{"line":17,"column":47}},"17":{"start":{"line":18,"column":0},"end":{"line":18,"column":35}},"18":{"start":{"line":19,"column":0},"end":{"line":19,"column":125}},"19":{"start":{"line":20,"column":0},"end":{"line":20,"column":25}},"20":{"start":{"line":21,"column":0},"end":{"line":21,"column":23}},"21":{"start":{"line":22,"column":0},"end":{"line":22,"column":124}},"22":{"start":{"line":23,"column":0},"end":{"line":23,"column":19}},"23":{"start":{"line":24,"column":0},"end":{"line":24,"column":23}},"24":{"start":{"line":25,"column":0},"end":{"line":25,"column":125}},"25":{"start":{"line":26,"column":0},"end":{"line":26,"column":20}},"26":{"start":{"line":27,"column":0},"end":{"line":27,"column":23}},"27":{"start":{"line":28,"column":0},"end":{"line":28,"column":124}},"28":{"start":{"line":29,"column":0},"end":{"line":29,"column":19}},"29":{"start":{"line":30,"column":0},"end":{"line":30,"column":23}},"30":{"start":{"line":31,"column":0},"end":{"line":31,"column":121}},"31":{"start":{"line":32,"column":0},"end":{"line":32,"column":21}},"32":{"start":{"line":33,"column":0},"end":{"line":33,"column":23}},"33":{"start":{"line":34,"column":0},"end":{"line":34,"column":137}},"34":{"start":{"line":35,"column":0},"end":{"line":35,"column":20}},"35":{"start":{"line":36,"column":0},"end":{"line":36,"column":23}},"36":{"start":{"line":37,"column":0},"end":{"line":37,"column":57}},"37":{"start":{"line":38,"column":0},"end":{"line":38,"column":16}},"38":{"start":{"line":39,"column":0},"end":{"line":39,"column":26}},"39":{"start":{"line":40,"column":0},"end":{"line":40,"column":15}},"40":{"start":{"line":41,"column":0},"end":{"line":41,"column":16}},"41":{"start":{"line":42,"column":0},"end":{"line":42,"column":10}},"42":{"start":{"line":43,"column":0},"end":{"line":43,"column":4}},"43":{"start":{"line":44,"column":0},"end":{"line":44,"column":2}},"44":{"start":{"line":45,"column":0},"end":{"line":45,"column":0}},"45":{"start":{"line":46,"column":0},"end":{"line":46,"column":29}}},"s":{"0":1,"1":1,"2":1,"3":1,"4":1,"5":1,"6":6,"7":0,"8":0,"9":6,"10":6,"11":6,"12":6,"13":6,"14":6,"15":6,"16":6,"17":6,"18":6,"19":6,"20":6,"21":6,"22":6,"23":6,"24":6,"25":6,"26":6,"27":6,"28":6,"29":6,"30":6,"31":6,"32":6,"33":6,"34":6,"35":6,"36":6,"37":6,"38":6,"39":6,"40":6,"41":6,"42":6,"43":6,"44":1,"45":1},"branchMap":{"0":{"type":"branch","line":6,"loc":{"start":{"line":6,"column":22},"end":{"line":44,"column":2}},"locations":[{"start":{"line":6,"column":22},"end":{"line":44,"column":2}}]}},"b":{"0":[6]},"fnMap":{"0":{"name":"NavigationBar","decl":{"start":{"line":6,"column":22},"end":{"line":44,"column":2}},"loc":{"start":{"line":6,"column":22},"end":{"line":44,"column":2}},"line":6},"1":{"name":"clearStorage","decl":{"start":{"line":7,"column":2},"end":{"line":9,"column":3}},"loc":{"start":{"line":7,"column":2},"end":{"line":9,"column":3}},"line":7},"2":{"name":"className","decl":{"start":{"line":19,"column":64},"end":{"line":19,"column":125}},"loc":{"start":{"line":19,"column":64},"end":{"line":19,"column":125}},"line":19},"3":{"name":"className","decl":{"start":{"line":22,"column":63},"end":{"line":22,"column":124}},"loc":{"start":{"line":22,"column":63},"end":{"line":22,"column":124}},"line":22},"4":{"name":"className","decl":{"start":{"line":25,"column":64},"end":{"line":25,"column":125}},"loc":{"start":{"line":25,"column":64},"end":{"line":25,"column":125}},"line":25},"5":{"name":"className","decl":{"start":{"line":28,"column":63},"end":{"line":28,"column":124}},"loc":{"start":{"line":28,"column":63},"end":{"line":28,"column":124}},"line":28},"6":{"name":"className","decl":{"start":{"line":31,"column":60},"end":{"line":31,"column":121}},"loc":{"start":{"line":31,"column":60},"end":{"line":31,"column":121}},"line":31},"7":{"name":"className","decl":{"start":{"line":34,"column":53},"end":{"line":34,"column":114}},"loc":{"start":{"line":34,"column":53},"end":{"line":34,"column":114}},"line":34}},"f":{"0":6,"1":0,"2":0,"3":0,"4":0,"5":0,"6":0,"7":0}}
,"D:\\La_Fosse\\Nerdwork\\client\\src\\components\\Rating\\index.jsx": {"path":"D:\\La_Fosse\\Nerdwork\\client\\src\\components\\Rating\\index.jsx","all":false,"statementMap":{"0":{"start":{"line":1,"column":0},"end":{"line":1,"column":26}},"1":{"start":{"line":2,"column":0},"end":{"line":2,"column":0}},"2":{"start":{"line":3,"column":0},"end":{"line":3,"column":43}},"3":{"start":{"line":4,"column":0},"end":{"line":4,"column":10}},"4":{"start":{"line":5,"column":0},"end":{"line":5,"column":35}},"5":{"start":{"line":6,"column":0},"end":{"line":6,"column":25}},"6":{"start":{"line":7,"column":0},"end":{"line":7,"column":29}},"7":{"start":{"line":8,"column":0},"end":{"line":8,"column":10}},"8":{"start":{"line":9,"column":0},"end":{"line":9,"column":4}},"9":{"start":{"line":10,"column":0},"end":{"line":10,"column":1}}},"s":{"0":1,"1":1,"2":5,"3":5,"4":5,"5":5,"6":5,"7":5,"8":5,"9":5},"branchMap":{"0":{"type":"branch","line":3,"loc":{"start":{"line":3,"column":0},"end":{"line":10,"column":1}},"locations":[{"start":{"line":3,"column":0},"end":{"line":10,"column":1}}]}},"b":{"0":[5]},"fnMap":{"0":{"name":"Rating","decl":{"start":{"line":3,"column":0},"end":{"line":10,"column":1}},"loc":{"start":{"line":3,"column":0},"end":{"line":10,"column":1}},"line":3}},"f":{"0":5}}
,"D:\\La_Fosse\\Nerdwork\\client\\src\\components\\SearchForm\\index.jsx": {"path":"D:\\La_Fosse\\Nerdwork\\client\\src\\components\\SearchForm\\index.jsx","all":false,"statementMap":{"0":{"start":{"line":1,"column":0},"end":{"line":1,"column":40}},"1":{"start":{"line":2,"column":0},"end":{"line":2,"column":26}},"2":{"start":{"line":3,"column":0},"end":{"line":3,"column":0}},"3":{"start":{"line":4,"column":0},"end":{"line":4,"column":71}},"4":{"start":{"line":5,"column":0},"end":{"line":5,"column":0}},"5":{"start":{"line":6,"column":0},"end":{"line":6,"column":4}},"6":{"start":{"line":7,"column":0},"end":{"line":7,"column":35}},"7":{"start":{"line":8,"column":0},"end":{"line":8,"column":40}},"8":{"start":{"line":9,"column":0},"end":{"line":9,"column":5}},"9":{"start":{"line":10,"column":0},"end":{"line":10,"column":0}},"10":{"start":{"line":11,"column":0},"end":{"line":11,"column":12}},"11":{"start":{"line":12,"column":0},"end":{"line":12,"column":5}},"12":{"start":{"line":13,"column":0},"end":{"line":13,"column":38}},"13":{"start":{"line":14,"column":0},"end":{"line":14,"column":105}},"14":{"start":{"line":15,"column":0},"end":{"line":15,"column":15}},"15":{"start":{"line":16,"column":0},"end":{"line":16,"column":0}},"16":{"start":{"line":17,"column":0},"end":{"line":17,"column":8}},"17":{"start":{"line":18,"column":0},"end":{"line":18,"column":2}}},"s":{"0":1,"1":1,"2":1,"3":6,"4":6,"5":6,"6":6,"7":0,"8":0,"9":6,"10":6,"11":6,"12":6,"13":6,"14":6,"15":6,"16":6,"17":1},"branchMap":{"0":{"type":"branch","line":4,"loc":{"start":{"line":4,"column":0},"end":{"line":18,"column":1}},"locations":[{"start":{"line":4,"column":0},"end":{"line":18,"column":1}}]}},"b":{"0":[6]},"fnMap":{"0":{"name":"SearchForm","decl":{"start":{"line":4,"column":0},"end":{"line":18,"column":1}},"loc":{"start":{"line":4,"column":0},"end":{"line":18,"column":1}},"line":4},"1":{"name":"updateTextFilter","decl":{"start":{"line":7,"column":4},"end":{"line":9,"column":5}},"loc":{"start":{"line":7,"column":4},"end":{"line":9,"column":5}},"line":7}},"f":{"0":6,"1":0}}
,"D:\\La_Fosse\\Nerdwork\\client\\src\\components\\TradeRequest\\index.jsx": {"path":"D:\\La_Fosse\\Nerdwork\\client\\src\\components\\TradeRequest\\index.jsx","all":false,"statementMap":{"0":{"start":{"line":1,"column":0},"end":{"line":1,"column":40}},"1":{"start":{"line":2,"column":0},"end":{"line":2,"column":75}},"2":{"start":{"line":3,"column":0},"end":{"line":3,"column":0}},"3":{"start":{"line":4,"column":0},"end":{"line":4,"column":53}},"4":{"start":{"line":5,"column":0},"end":{"line":5,"column":43}},"5":{"start":{"line":6,"column":0},"end":{"line":6,"column":55}},"6":{"start":{"line":7,"column":0},"end":{"line":7,"column":55}},"7":{"start":{"line":8,"column":0},"end":{"line":8,"column":52}},"8":{"start":{"line":9,"column":0},"end":{"line":9,"column":0}},"9":{"start":{"line":10,"column":0},"end":{"line":10,"column":46}},"10":{"start":{"line":11,"column":0},"end":{"line":11,"column":31}},"11":{"start":{"line":12,"column":0},"end":{"line":12,"column":23}},"12":{"start":{"line":13,"column":0},"end":{"line":13,"column":31}},"13":{"start":{"line":14,"column":0},"end":{"line":14,"column":41}},"14":{"start":{"line":15,"column":0},"end":{"line":15,"column":42}},"15":{"start":{"line":16,"column":0},"end":{"line":16,"column":25}},"16":{"start":{"line":17,"column":0},"end":{"line":17,"column":12}},"17":{"start":{"line":18,"column":0},"end":{"line":18,"column":58}},"18":{"start":{"line":19,"column":0},"end":{"line":19,"column":26}},"19":{"start":{"line":20,"column":0},"end":{"line":20,"column":69}},"20":{"start":{"line":21,"column":0},"end":{"line":21,"column":49}},"21":{"start":{"line":22,"column":0},"end":{"line":22,"column":30}},"22":{"start":{"line":23,"column":0},"end":{"line":23,"column":26}},"23":{"start":{"line":24,"column":0},"end":{"line":24,"column":26}},"24":{"start":{"line":25,"column":0},"end":{"line":25,"column":5}},"25":{"start":{"line":26,"column":0},"end":{"line":26,"column":4}},"26":{"start":{"line":27,"column":0},"end":{"line":27,"column":0}},"27":{"start":{"line":28,"column":0},"end":{"line":28,"column":49}},"28":{"start":{"line":29,"column":0},"end":{"line":29,"column":35}},"29":{"start":{"line":30,"column":0},"end":{"line":30,"column":36}},"30":{"start":{"line":31,"column":0},"end":{"line":31,"column":4}},"31":{"start":{"line":32,"column":0},"end":{"line":32,"column":0}},"32":{"start":{"line":33,"column":0},"end":{"line":33,"column":49}},"33":{"start":{"line":34,"column":0},"end":{"line":34,"column":35}},"34":{"start":{"line":35,"column":0},"end":{"line":35,"column":36}},"35":{"start":{"line":36,"column":0},"end":{"line":36,"column":4}},"36":{"start":{"line":37,"column":0},"end":{"line":37,"column":0}},"37":{"start":{"line":38,"column":0},"end":{"line":38,"column":10}},"38":{"start":{"line":39,"column":0},"end":{"line":39,"column":46}},"
[...]
rt":{"line":374,"column":0},"end":{"line":374,"column":116}},"374":{"start":{"line":375,"column":0},"end":{"line":375,"column":120}},"375":{"start":{"line":376,"column":0},"end":{"line":376,"column":30}},"376":{"start":{"line":377,"column":0},"end":{"line":377,"column":30}},"377":{"start":{"line":378,"column":0},"end":{"line":378,"column":23}},"378":{"start":{"line":379,"column":0},"end":{"line":379,"column":20}},"379":{"start":{"line":380,"column":0},"end":{"line":380,"column":22}},"380":{"start":{"line":381,"column":0},"end":{"line":381,"column":12}},"381":{"start":{"line":382,"column":0},"end":{"line":382,"column":22}},"382":{"start":{"line":383,"column":0},"end":{"line":383,"column":40}},"383":{"start":{"line":384,"column":0},"end":{"line":384,"column":47}},"384":{"start":{"line":385,"column":0},"end":{"line":385,"column":47}},"385":{"start":{"line":386,"column":0},"end":{"line":386,"column":44}},"386":{"start":{"line":387,"column":0},"end":{"line":387,"column":53}},"387":{"start":{"line":388,"column":0},"end":{"line":388,"column":17}},"388":{"start":{"line":389,"column":0},"end":{"line":389,"column":38}},"389":{"start":{"line":390,"column":0},"end":{"line":390,"column":22}},"390":{"start":{"line":391,"column":0},"end":{"line":391,"column":59}},"391":{"start":{"line":392,"column":0},"end":{"line":392,"column":111}},"392":{"start":{"line":393,"column":0},"end":{"line":393,"column":57}},"393":{"start":{"line":394,"column":0},"end":{"line":394,"column":34}},"394":{"start":{"line":395,"column":0},"end":{"line":395,"column":81}},"395":{"start":{"line":396,"column":0},"end":{"line":396,"column":68}},"396":{"start":{"line":397,"column":0},"end":{"line":397,"column":34}},"397":{"start":{"line":398,"column":0},"end":{"line":398,"column":109}},"398":{"start":{"line":399,"column":0},"end":{"line":399,"column":68}},"399":{"start":{"line":400,"column":0},"end":{"line":400,"column":57}},"400":{"start":{"line":401,"column":0},"end":{"line":401,"column":121}},"401":{"start":{"line":402,"column":0},"end":{"line":402,"column":46}},"402":{"start":{"line":403,"column":0},"end":{"line":403,"column":36}},"403":{"start":{"line":404,"column":0},"end":{"line":404,"column":0}},"404":{"start":{"line":405,"column":0},"end":{"line":405,"column":34}},"405":{"start":{"line":406,"column":0},"end":{"line":406,"column":0}},"406":{"start":{"line":407,"column":0},"end":{"line":407,"column":30}},"407":{"start":{"line":408,"column":0},"end":{"line":408,"column":60}},"408":{"start":{"line":409,"column":0},"end":{"line":409,"column":47}},"409":{"start":{"line":410,"column":0},"end":{"line":410,"column":57}},"410":{"start":{"line":411,"column":0},"end":{"line":411,"column":24}},"411":{"start":{"line":412,"column":0},"end":{"line":412,"column":23}},"412":{"start":{"line":413,"column":0},"end":{"line":413,"column":22}},"413":{"start":{"line":414,"column":0},"end":{"line":414,"column":24}},"414":{"start":{"line":415,"column":0},"end":{"line":415,"column":49}},"415":{"start":{"line":416,"column":0},"end":{"line":416,"column":105}},"416":{"start":{"line":417,"column":0},"end":{"line":417,"column":18}},"417":{"start":{"line":418,"column":0},"end":{"line":418,"column":18}},"418":{"start":{"line":419,"column":0},"end":{"line":419,"column":14}},"419":{"start":{"line":420,"column":0},"end":{"line":420,"column":5}},"420":{"start":{"line":421,"column":0},"end":{"line":421,"column":1}}},"s":{"0":1,"1":1,"2":1,"3":1,"4":1,"5":1,"6":1,"7":1,"8":1,"9":1,"10":1,"11":1,"12":1,"13":1,"14":1,"15":1,"16":3,"17":3,"18":3,"19":3,"20":3,"21":3,"22":3,"23":3,"24":3,"25":3,"26":3,"27":3,"28":3,"29":3,"30":3,"31":3,"32":3,"33":3,"34":3,"35":3,"36":3,"37":3,"38":3,"39":3,"40":3,"41":3,"42":3,"43":3,"44":3,"45":3,"46":3,"47":0,"48":0,"49":0,"50":3,"51":0,"52":0,"53":0,"54":0,"55":2,"56":0,"57":0,"58":0,"59":0,"60":0,"61":0,"62":2,"63":2,"64":2,"65":2,"66":2,"67":1,"68":1,"69":1,"70":1,"71":1,"72":1,"73":1,"74":1,"75":1,"76":1,"77":1,"78":1,"79":2,"80":2,"81":1,"82":2,"83":2,"84":2,"85":0,"86":0,"87":0,"88":0,"89":0,"90":0,"91":0,"92":0,"93":0,"94":0,"95":0,"96":0,"97":0,"98":0,"99":0,"100":2,"101":0,"102":0,"103":0,"104":2,"105":2,"106":0,"107":0,"108":0,"109":2,"110":0,"111":0,"112":0,"113":0,"114":0,"115":0,"116":0,"117":0,"118":0,"119":0,"120":0,"121":0,"122":0,"123":0,"124":2,"125":2,"126":2,"127":0,"128":0,"129":0,"130":0,"131":0,"132":0,"133":2,"134":2,"135":0,"136":0,"137":0,"138":0,"139":0,"140":0,"141":0,"142":0,"143":0,"144":2,"145":2,"146":1,"147":1,"148":1,"149":1,"150":2,"151":2,"152":2,"153":0,"154":0,"155":0,"156":0,"157":0,"158":0,"159":0,"160":0,"161":0,"162":0,"163":0,"164":0,"165":0,"166":0,"167":0,"168":0,"169":0,"170":0,"171":0,"172":0,"173":0,"174":0,"175":0,"176":0,"177":2,"178":2,"179":0,"180":0,"181":0,"182":0,"183":0,"184":0,"185":0,"186":0,"187":0,"188":0,"189":0,"190":0,"191":0,"192":0,"193":0,"194":0,"195":0,"196":0,"197":0,"198":0,"199":0,"200":0,"201":0,"202":0,"203":0,"204":0,"205":0,"206":0,"207":0,"208":0,"209":0,"210":0,"211":0,"212":0,"213":0,"214":0,"215":0,"216":0,"217":0,"218":0,"219":0,"220":0,"221":0,"222":0,"223":0,"224":0,"225":0,"226":0,"227":0,"228":2,"229":2,"230":2,"231":0,"232":0,"233":0,"234":0,"235":0,"236":0,"237":0,"238":0,"239":0,"240":2,"241":2,"242":0,"243":0,"244":0,"245":0,"246":0,"247":0,"248":0,"249":0,"250":0,"251":2,"252":2,"253":2,"254":1,"255":1,"256":1,"257":1,"258":1,"259":1,"260":1,"261":1,"262":1,"263":1,"264":1,"265":1,"266":1,"267":1,"268":1,"269":1,"270":1,"271":2,"272":0,"273":0,"274":0,"275":0,"276":2,"277":0,"278":0,"279":0,"280":0,"281":0,"282":2,"283":2,"284":2,"285":1,"286":1,"287":2,"288":2,"289":2,"290":3,"291":3,"292":3,"293":2,"294":2,"295":2,"296":2,"297":2,"298":2,"299":2,"300":2,"301":2,"302":2,"303":2,"304":2,"305":2,"306":2,"307":2,"308":2,"309":2,"310":2,"311":2,"312":8,"313":8,"314":8,"315":8,"316":8,"317":2,"318":2,"319":2,"320":2,"321":2,"322":2,"323":2,"324":4,"325":4,"326":4,"327":4,"328":4,"329":2,"330":2,"331":2,"332":2,"333":2,"334":2,"335":2,"336":2,"337":2,"338":2,"339":2,"340":2,"341":2,"342":2,"343":2,"344":2,"345":2,"346":2,"347":2,"348":2,"349":2,"350":2,"351":2,"352":2,"353":2,"354":2,"355":2,"356":2,"357":2,"358":2,"359":2,"360":0,"361":3,"362":3,"363":3,"364":3,"365":3,"366":3,"367":3,"368":3,"369":3,"370":3,"371":3,"372":3,"373":0,"374":0,"375":0,"376":0,"377":3,"378":3,"379":3,"380":3,"381":3,"382":3,"383":3,"384":3,"385":3,"386":3,"387":3,"388":3,"389":0,"390":0,"391":0,"392":0,"393":0,"394":0,"395":0,"396":0,"397":0,"398":0,"399":0,"400":0,"401":0,"402":0,"403":0,"404":0,"405":0,"406":0,"407":0,"408":0,"409":0,"410":0,"411":0,"412":3,"413":3,"414":3,"415":0,"416":3,"417":3,"418":3,"419":3,"420":3},"branchMap":{"0":{"type":"branch","line":17,"loc":{"start":{"line":17,"column":0},"end":{"line":421,"column":1}},"locations":[{"start":{"line":17,"column":0},"end":{"line":421,"column":1}}]},"1":{"type":"branch","line":47,"loc":{"start":{"line":47,"column":39},"end":{"line":51,"column":16}},"locations":[{"start":{"line":47,"column":39},"end":{"line":51,"column":16}}]},"2":{"type":"branch","line":51,"loc":{"start":{"line":51,"column":6},"end":{"line":360,"column":77}},"locations":[{"start":{"line":51,"column":6},"end":{"line":360,"column":77}}]},"3":{"type":"branch","line":51,"loc":{"start":{"line":51,"column":45},"end":{"line":56,"column":16}},"locations":[{"start":{"line":51,"column":45},"end":{"line":56,"column":16}}]},"4":{"type":"branch","line":56,"loc":{"start":{"line":56,"column":50},"end":{"line":62,"column":7}},"locations":[{"start":{"line":56,"column":50},"end":{"line":62,"column":7}}]},"5":{"type":"branch","line":360,"loc":{"start":{"line":360,"column":60},"end":{"line":361,"column":187}},"locations":[{"start":{"line":360,"column":60},"end":{"line":361,"column":187}}]},"6":{"type":"branch","line":389,"loc":{"start":{"line":389,"column":21},"end":{"line":412,"column":23}},"locations":[{"start":{"line":389,"column":21},"end":{"line":412,"column":23}}]},"7":{"type":"branch","line":415,"loc":{"start":{"line":415,"column":17},"end":{"line":415,"column":49}},"locations":[{"start":{"line":415,"column":17},"end":{"line":415,"column":49}}]},"8":{"type":"branch","line":415,"loc":{"start":{"line":415,"column":32},"end":{"line":416,"column":105}},"locations":[{"start":{"line":415,"column":32},"end":{"line":416,"column":105}}]},"9":{"type":"branch","line":67,"loc":{"start":{"line":67,"column":6},"end":{"line":79,"column":9}},"locations":[{"start":{"line":67,"column":6},"end":{"line":79,"column":9}}]},"10":{"type":"branch","line":81,"loc":{"start":{"line":81,"column":18},"end":{"line":83,"column":11}},"locations":[{"start":{"line":81,"column":18},"end":{"line":83,"column":11}}]},"11":{"type":"branch","line":146,"loc":{"start":{"line":146,"column":16},"end":{"line":151,"column":9}},"locations":[{"start":{"line":146,"column":16},"end":{"line":151,"column":9}}]},"12":{"type":"branch","line":149,"loc":{"start":{"line":149,"column":22},"end":{"line":149,"column":77}},"locations":[{"start":{"line":149,"column":22},"end":{"line":149,"column":77}}]},"13":{"type":"branch","line":254,"loc":{"start":{"line":254,"column":4},"end":{"line":271,"column":5}},"locations":[{"start":{"line":254,"column":4},"end":{"line":271,"column":5}}]},"14":{"type":"branch","line":285,"loc":{"start":{"line":285,"column":14},"end":{"line":288,"column":7}},"locations":[{"start":{"line":285,"column":14},"end":{"line":288,"column":7}}]},"15":{"type":"branch","line":290,"loc":{"start":{"line":290,"column":4},"end":{"line":293,"column":5}},"locations":[{"start":{"line":290,"column":4},"end":{"line":293,"column":5}}]},"16":{"type":"branch","line":291,"loc":{"start":{"line":291,"column":48},"end":{"line":291,"column":56}},"locations":[{"start":{"line":291,"column":48},"end":{"line":291,"column":56}}]},"17":{"type":"branch","line":312,"loc":{"start":{"line":312,"column":35},"end":{"line":317,"column":27}},"locations":[{"start":{"line":312,"column":35},"end":{"line":317,"column":27}}]},"18":{"type":"branch","line":314,"loc":{"start":{"line":314,"column":78},"end":{"line":314,"column":91}},"locations":[{"start":{"line":314,"column":78},"end":{"line":314,"column":91}}]},"19":{"type":"branch","line":314,"loc":{"start":{"line":314,"column":82},"end":{"line":314,"column":96}},"locations":[{"start":{"line":314,"column":82},"end":{"line":314,"column":96}}]},"20":{"type":"branch","line":324,"loc":{"start":{"line":324,"column":38},"end":{"line":329,"column":31}},"locations":[{"start":{"line":324,"column":38},"end":{"line":329,"column":31}}]},"21":{"type":"branch","line":326,"loc":{"start":{"line":326,"column":82},"end":{"line":326,"column":95}},"locations":[{"start":{"line":326,"column":82},"end":{"line":326,"column":95}}]},"22":{"type":"branch","line":326,"loc":{"start":{"line":326,"column":86},"end":{"line":326,"column":100}},"locations":[{"start":{"line":326,"column":86},"end":{"line":326,"column":100}}]}},"b":{"0":[3],"1":[0],"2":[2],"3":[0],"4":[0],"5":[0],"6":[0],"7":[0],"8":[0],"9":[1],"10":[1],"11":[1],"12":[1],"13":[1],"14":[1],"15":[3],"16":[0],"17":[8],"18":[4],"19":[4],"20":[4],"21":[2],"22":[2]},"fnMap":{"0":{"name":"MyBookshelfPage","decl":{"start":{"line":17,"column":0},"end":{"line":421,"column":1}},"loc":{"start":{"line":17,"column":0},"end":{"line":421,"column":1}},"line":17},"1":{"name":"getUsername","decl":{"start":{"line":67,"column":6},"end":{"line":79,"column":9}},"loc":{"start":{"line":67,"column":6},"end":{"line":79,"column":9}},"line":67},"2":{"name":"openModal","decl":{"start":{"line":85,"column":4},"end":{"line":100,"column":5}},"loc":{"start":{"line":85,"column":4},"end":{"line":100,"column":5}},"line":85},"3":{"name":"closeModal","decl":{"start":{"line":101,"column":4},"end":{"line":104,"column":5}},"loc":{"start":{"line":101,"column":4},"end":{"line":104,"column":5}},"line":101},"4":{"name":"openAdd","decl":{"start":{"line":106,"column":4},"end":{"line":109,"column":5}},"loc":{"start":{"line":106,"column":4},"end":{"line":109,"column":5}},"line":106},"5":{"name":"closeAdd","decl":{"start":{"line":110,"column":4},"end":{"line":124,"column":5}},"loc":{"start":{"line":110,"column":4},"end":{"line":124,"column":5}},"line":110},"6":{"name":"handleChange","decl":{"start":{"line":127,"column":27},"end":{"line":133,"column":8}},"loc":{"start":{"line":127,"column":27},"end":{"line":133,"column":8}},"line":127},"7":{"name":"handleGenreChange","decl":{"start":{"line":135,"column":32},"end":{"line":144,"column":8}},"loc":{"start":{"line":135,"column":32},"end":{"line":144,"column":8}},"line":135},"8":{"name":"updateImage","decl":{"start":{"line":153,"column":26},"end":{"line":177,"column":8}},"loc":{"start":{"line":153,"column":26},"end":{"line":177,"column":8}},"line":153},"9":{"name":"handleSubmit","decl":{"start":{"line":179,"column":27},"end":{"line":228,"column":8}},"loc":{"start":{"line":179,"column":27},"end":{"line":228,"column":8}},"line":179},"10":{"name":"generateBadges","decl":{"start":{"line":231,"column":4},"end":{"line":240,"column":5}},"loc":{"start":{"line":231,"column":4},"end":{"line":240,"column":5}},"line":231},"11":{"name":"setShelf","decl":{"start":{"line":242,"column":4},"end":{"line":251,"column":5}},"loc":{"start":{"line":242,"column":4},"end":{"line":251,"column":5}},"line":242},"12":{"name":"getBooksAndFilter","decl":{"start":{"line":254,"column":4},"end":{"line":271,"column":5}},"loc":{"start":{"line":254,"column":4},"end":{"line":271,"column":5}},"line":254},"13":{"name":"hover","decl":{"start":{"line":272,"column":4},"end":{"line":276,"column":5}},"loc":{"start":{"line":272,"column":4},"end":{"line":276,"column":5}},"line":272},"14":{"name":"hover2","decl":{"start":{"line":277,"column":4},"end":{"line":282,"column":5}},"loc":{"start":{"line":277,"column":4},"end":{"line":282,"column":5}},"line":277},"15":{"name":"capitalisation","decl":{"start":{"line":290,"column":4},"end":{"line":293,"column":5}},"loc":{"start":{"line":290,"column":4},"end":{"line":293,"column":5}},"line":290},"16":{"name":"onClick","decl":{"start":{"line":313,"column":78},"end":{"line":313,"column":126}},"loc":{"start":{"line":313,"column":78},"end":{"line":313,"column":126}},"line":313},"17":{"name":"onMouseOver","decl":{"start":{"line":314,"column":113},"end":{"line":314,"column":129}},"loc":{"start":{"line":314,"column":113},"end":{"line":314,"column":129}},"line":314},"18":{"name":"onMouseOut","decl":{"start":{"line":314,"column":141},"end":{"line":314,"column":181}},"loc":{"start":{"line":314,"column":141},"end":{"line":314,"column":181}},"line":314},"19":{"name":"onMouseOver","decl":{"start":{"line":326,"column":117},"end":{"line":326,"column":134}},"loc":{"start":{"line":326,"column":117},"end":{"line":326,"column":134}},"line":326},"20":{"name":"onMouseOut","decl":{"start":{"line":326,"column":146},"end":{"line":326,"column":187}},"loc":{"start":{"line":326,"column":146},"end":{"line":326,"column":187}},"line":326}},"f":{"0":3,"1":1,"2":0,"3":0,"4":0,"5":0,"6":0,"7":0,"8":0,"9":0,"10":0,"11":0,"12":1,"13":0,"14":0,"15":3,"16":0,"17":0,"18":0,"19":0,"20":0}}
,"D:\\La_Fosse\\Nerdwork\\client\\src\\pages\\SignupPage\\index.jsx": {"path":"D:\\La_Fosse\\Nerdwork\\client\\src\\pages\\SignupPage\\index.jsx","all":false,"statementMap":{"0":{"start":{"line":1,"column":0},"end":{"line":1,"column":26}},"1":{"start":{"line":2,"column":0},"end":{"line":2,"column":44}},"2":{"start":{"line":3,"column":0},"end":{"line":3,"column":48}},"3":{"start":{"line":4,"column":0},"end":{"line":4,"column":39}},"4":{"start":{"line":5,"column":0},"end":{"line":5,"column":0}},"5":{"start":{"line":6,"column":0},"end":{"line":6,"column":0}},"6":{"start":{"line":7,"column":0},"end":{"line":7,"column":38}},"7":{"start":{"line":8,"column":0},"end":{"line":8,"column":53}},"8":{"start":{"line":9,"column":0},"end":{"line":9,"column":53}},"9":{"start":{"line":10,"column":0},"end":{"line":10,"column":65}},"10":{"start":{"line":11,"column":0},"end":{"line":11,"column":0}},"11":{"start":{"line":12,"column":0},"end":{"line":12,"column":19}},"12":{"start":{"line":13,"column":0},"end":{"line":13,"column":47}},"13":{"start":{"line":14,"column":0},"end":{"line":14,"column":48}},"14":{"start":{"line":15,"column":0},"end":{"line":15,"column":0}},"15":{"start":{"line":16,"column":0},"end":{"line":16,"column":18}},"16":{"start":{"line":17,"column":0},"end":{"line":17,"column":52}},"17":{"start":{"line":18,"column":0},"end":{"line":18,"column":6}},"18":{"start":{"line":19,"column":0},"end":{"line":19,"column":9}},"19":{"start":{"line":20,"column":0},"end":{"line":20,"column":0}},"20":{"start":{"line":21,"column":0},"end":{"line":21,"column":0}},"21":{"start":{"line":22,"column":0},"end":{"line":22,"column":10}},"22":{"start":{"line":23,"column":0},"end":{"line":23,"column":6}},"23":{"start":{"line":24,"column":0},"end":{"line":24,"column":41}},"24":{"start":{"line":25,"column":0},"end":{"line":25,"column":63}},"25":{"start":{"line":26,"column":0},"end":{"line":26,"column":40}},"26":{"start":{"line":27,"column":0},"end":{"line":27,"column":29}},"27":{"start":{"line":28,"column":0},"end":{"line":28,"column":25}},"28":{"start":{"line":29,"column":0},"end":{"line":29,"column":31}},"29":{"start":{"line":30,"column":0},"end":{"line":30,"column":37}},"30":{"start":{"line":31,"column":0},"end":{"line":31,"column":31}},"31":{"start":{"line":32,"column":0},"end":{"line":32,"column":37}},"32":{"start":{"line":33,"column":0},"end":{"line":33,"column":41}},"33":{"start":{"line":34,"column":0},"end":{"line":34,"column":45}},"34":{"start":{"line":35,"column":0},"end":{"line":35,"column":14}},"35":{"start":{"line":36,"column":0},"end":{"line":36,"column":15}},"36":{"start":{"line":37,"column":0},"end":{"line":37,"column":43}},"37":{"start":{"line":38,"column":0},"end":{"line":38,"column":19}},"38":{"start":{"line":39,"column":0},"end":{"line":39,"column":22}},"39":{"start":{"line":40,"column":0},"end":{"line":40,"column":39}},"40":{"start":{"line":41,"column":0},"end":{"line":41,"column":15}},"41":{"start":{"line":42,"column":0},"end":{"line":42,"column":29}},"42":{"start":{"line":43,"column":0},"end":{"line":43,"column":21}},"43":{"start":{"line":44,"column":0},"end":{"line":44,"column":16}},"44":{"start":{"line":45,"column":0},"end":{"line":45,"column":16}},"45":{"start":{"line":46,"column":0},"end":{"line":46,"column":10}},"46":{"start":{"line":47,"column":0},"end":{"line":47,"column":0}},"47":{"start":{"line":48,"column":0},"end":{"line":48,"column":0}},"48":{"start":{"line":49,"column":0},"end":{"line":49,"column":14}},"49":{"start":{"line":50,"column":0},"end":{"line":50,"column":70}},"50":{"start":{"line":51,"column":0},"end":{"line":51,"column":12}},"51":{"start":{"line":52,"column":0},"end":{"line":52,"column":7}},"52":{"start":{"line":53,"column":0},"end":{"line":53,"column":4}},"53":{"start":{"line":54,"column":0},"end":{"line":54,"column":1}}},"s":{"0":1,"1":1,"2":1,"3":1,"4":1,"5":1,"6":1,"7":1,"8":1,"9":1,"10":1,"11":1,"12":1,"13":1,"14":1,"15":1,"16":1,"17":1,"18":1,"19":1,"20":1,"21":1,"22":1,"23":1,"24":1,"25":1,"26":1,"27":1,"28":1,"29":1,"30":1,"31":1,"32":1,"33":1,"34":1,"35":1,"36":1,"37":1,"38":1,"39":1,"40":1,"41":1,"42":1,"43":1,"44":1,"45":1,"46":1,"47":1,"48":1,"49":1,"50":1,"51":1,"52":1,"53":1},"branchMap":{"0":{"type":"branch","line":7,"loc":{"start":{"line":7,"column":0},"end":{"line":54,"column":1}},"locations":[{"start":{"line":7,"column":0},"end":{"line":54,"column":1}}]},"1":{"type":"branch","line":12,"loc":{"start":{"line":12,"column":12},"end":{"line":19,"column":5}},"locations":[{"start":{"line":12,"column":12},"end":{"line":19,"column":5}}]},"2":{"type":"branch","line":16,"loc":{"start":{"line":16,"column":11},"end":{"line":18,"column":6}},"locations":[{"start":{"line":16,"column":11},"end":{"line":18,"column":6}}]}},"b":{"0":[1],"1":[1],"2":[1]},"fnMap":{"0":{"name":"SignupPage","decl":{"start":{"line":7,"column":0},"end":{"line":54,"column":1}},"loc":{"start":{"line":7,"column":0},"end":{"line":54,"column":1}},"line":7}},"f":{"0":1}}
}
